# JRE version: Java(TM) SE Runtime Environment (8.0_181-b13) (build 1.8.0_181-b13)
# Java VM: Java HotSpot(TM) 64-Bit Server VM (25.181-b13 mixed mode windows-amd64 compressed oops)
Heap:
 PSYoungGen      total 194048K, used 26607K [0x00000000d5f80000, 0x00000000e3f00000, 0x0000000100000000)
  eden space 167424K, 1% used [0x00000000d5f80000,0x00000000d6194420,0x00000000e0300000)
  from space 26624K, 91% used [0x00000000e2200000,0x00000000e39e7930,0x00000000e3c00000)
  to   space 30720K, 0% used [0x00000000e0300000,0x00000000e0300000,0x00000000e2100000)
 ParOldGen       total 278016K, used 119991K [0x0000000081e00000, 0x0000000092d80000, 0x00000000d5f80000)
  object space 278016K, 43% used [0x0000000081e00000,0x000000008932dc58,0x0000000092d80000)
 Metaspace       used 23068K, capacity 23300K, committed 23680K, reserved 1071104K
  class space    used 2231K, capacity 2313K, committed 2432K, reserved 1048576K
GC Heap History (10 events):
Event: 6.403 GC heap before
{Heap before GC invocations=11 (full 2):
 PSYoungGen      total 146432K, used 134651K [0x00000000d5f80000, 0x00000000e0680000, 0x0000000100000000)
  eden space 125440K, 100% used [0x00000000d5f80000,0x00000000dda00000,0x00000000dda00000)
  from space 20992K, 43% used [0x00000000dee00000,0x00000000df6fed70,0x00000000e0280000)
  to   space 20480K, 0% used [0x00000000dda00000,0x00000000dda00000,0x00000000dee00000)
 ParOldGen       total 170496K, used 63298K [0x0000000081e00000, 0x000000008c480000, 0x00000000d5f80000)
  object space 170496K, 37% used [0x0000000081e00000,0x0000000085bd0af0,0x000000008c480000)
 Metaspace       used 21768K, capacity 22014K, committed 22448K, reserved 1069056K
  class space    used 2172K, capacity 2248K, committed 2304K, reserved 1048576K
Event: 6.411 GC heap after
Heap after GC invocations=11 (full 2):
 PSYoungGen      total 145920K, used 19837K [0x00000000d5f80000, 0x00000000e1d80000, 0x0000000100000000)
  eden space 125440K, 0% used [0x00000000d5f80000,0x00000000d5f80000,0x00000000dda00000)
  from space 20480K, 96% used [0x00000000dda00000,0x00000000ded5f418,0x00000000dee00000)
  to   space 24064K, 0% used [0x00000000e0600000,0x00000000e0600000,0x00000000e1d80000)
 ParOldGen       total 170496K, used 95036K [0x0000000081e00000, 0x000000008c480000, 0x00000000d5f80000)
  object space 170496K, 55% used [0x0000000081e00000,0x0000000087acf220,0x000000008c480000)
 Metaspace       used 21768K, capacity 22014K, committed 22448K, reserved 1069056K
  class space    used 2172K, capacity 2248K, committed 2304K, reserved 1048576K
}
Event: 6.706 GC heap before
{Heap before GC invocations=12 (full 2):
 PSYoungGen      total 145920K, used 145277K [0x00000000d5f80000, 0x00000000e1d80000, 0x0000000100000000)
  eden space 125440K, 100% used [0x00000000d5f80000,0x00000000dda00000,0x00000000dda00000)
  from space 20480K, 96% used [0x00000000dda00000,0x00000000ded5f418,0x00000000dee00000)
  to   space 24064K, 0% used [0x00000000e0600000,0x00000000e0600000,0x00000000e1d80000)
 ParOldGen       total 170496K, used 95036K [0x0000000081e00000, 0x000000008c480000, 0x00000000d5f80000)
  object space 170496K, 55% used [0x0000000081e00000,0x0000000087acf220,0x000000008c480000)
 Metaspace       used 21772K, capacity 22014K, committed 22448K, reserved 1069056K
  class space    used 2172K, capacity 2248K, committed 2304K, reserved 1048576K
Event: 6.715 GC heap after
Heap after GC invocations=12 (full 2):
 PSYoungGen      total 167424K, used 20702K [0x00000000d5f80000, 0x00000000e2800000, 0x0000000100000000)
  eden space 143360K, 0% used [0x00000000d5f80000,0x00000000d5f80000,0x00000000deb80000)
  from space 24064K, 86% used [0x00000000e0600000,0x00000000e1a37b10,0x00000000e1d80000)
  to   space 27136K, 0% used [0x00000000deb80000,0x00000000deb80000,0x00000000e0600000)
 ParOldGen       total 170496K, used 138236K [0x0000000081e00000, 0x000000008c480000, 0x00000000d5f80000)
  object space 170496K, 81% used [0x0000000081e00000,0x000000008a4ff2b0,0x000000008c480000)
 Metaspace       used 21772K, capacity 22014K, committed 22448K, reserved 1069056K
  class space    used 2172K, capacity 2248K, committed 2304K, reserved 1048576K
}
Event: 6.715 GC heap before
{Heap before GC invocations=13 (full 3):
 PSYoungGen      total 167424K, used 20702K [0x00000000d5f80000, 0x00000000e2800000, 0x0000000100000000)
  eden space 143360K, 0% used [0x00000000d5f80000,0x00000000d5f80000,0x00000000deb80000)
  from space 24064K, 86% used [0x00000000e0600000,0x00000000e1a37b10,0x00000000e1d80000)
  to   space 27136K, 0% used [0x00000000deb80000,0x00000000deb80000,0x00000000e0600000)
 ParOldGen       total 170496K, used 138236K [0x0000000081e00000, 0x000000008c480000, 0x00000000d5f80000)
  object space 170496K, 81% used [0x0000000081e00000,0x000000008a4ff2b0,0x000000008c480000)
 Metaspace       used 21772K, capacity 22014K, committed 22448K, reserved 1069056K
  class space    used 2172K, capacity 2248K, committed 2304K, reserved 1048576K
Event: 6.749 GC heap after
Heap after GC invocations=13 (full 3):
 PSYoungGen      total 167424K, used 0K [0x00000000d5f80000, 0x00000000e2800000, 0x0000000100000000)
  eden space 143360K, 0% used [0x00000000d5f80000,0x00000000d5f80000,0x00000000deb80000)
  from space 24064K, 0% used [0x00000000e0600000,0x00000000e0600000,0x00000000e1d80000)
  to   space 27136K, 0% used [0x00000000deb80000,0x00000000deb80000,0x00000000e0600000)
 ParOldGen       total 278016K, used 116755K [0x0000000081e00000, 0x0000000092d80000, 0x00000000d5f80000)
  object space 278016K, 41% used [0x0000000081e00000,0x0000000089004cd8,0x0000000092d80000)
 Metaspace       used 21772K, capacity 22014K, committed 22448K, reserved 1069056K
  class space    used 2172K, capacity 2248K, committed 2304K, reserved 1048576K
}
Event: 7.851 GC heap before
{Heap before GC invocations=14 (full 3):
 PSYoungGen      total 167424K, used 143360K [0x00000000d5f80000, 0x00000000e2800000, 0x0000000100000000)
  eden space 143360K, 100% used [0x00000000d5f80000,0x00000000deb80000,0x00000000deb80000)
  from space 24064K, 0% used [0x00000000e0600000,0x00000000e0600000,0x00000000e1d80000)
  to   space 27136K, 0% used [0x00000000deb80000,0x00000000deb80000,0x00000000e0600000)
 ParOldGen       total 278016K, used 116755K [0x0000000081e00000, 0x0000000092d80000, 0x00000000d5f80000)
  object space 278016K, 41% used [0x0000000081e00000,0x0000000089004cd8,0x0000000092d80000)
 Metaspace       used 21780K, capacity 22014K, committed 22448K, reserved 1069056K
  class space    used 2172K, capacity 2248K, committed 2304K, reserved 1048576K
Event: 7.854 GC heap after
Heap after GC invocations=14 (full 3):
 PSYoungGen      total 170496K, used 12944K [0x00000000d5f80000, 0x00000000e3c00000, 0x0000000100000000)
  eden space 143360K, 0% used [0x00000000d5f80000,0x00000000d5f80000,0x00000000deb80000)
  from space 27136K, 47% used [0x00000000deb80000,0x00000000df8241c0,0x00000000e0600000)
  to   space 26624K, 0% used [0x00000000e2200000,0x00000000e2200000,0x00000000e3c00000)
 ParOldGen       total 278016K, used 116763K [0x0000000081e00000, 0x0000000092d80000, 0x00000000d5f80000)
  object space 278016K, 41% used [0x0000000081e00000,0x0000000089006cd8,0x0000000092d80000)
 Metaspace       used 21780K, capacity 22014K, committed 22448K, reserved 1069056K
  class space    used 2172K, capacity 2248K, committed 2304K, reserved 1048576K
}
Event: 63.992 GC heap before
{Heap before GC invocations=15 (full 3):
 PSYoungGen      total 170496K, used 156304K [0x00000000d5f80000, 0x00000000e3c00000, 0x0000000100000000)
  eden space 143360K, 100% used [0x00000000d5f80000,0x00000000deb80000,0x00000000deb80000)
  from space 27136K, 47% used [0x00000000deb80000,0x00000000df8241c0,0x00000000e0600000)
  to   space 26624K, 0% used [0x00000000e2200000,0x00000000e2200000,0x00000000e3c00000)
 ParOldGen       total 278016K, used 116763K [0x0000000081e00000, 0x0000000092d80000, 0x00000000d5f80000)
  object space 278016K, 41% used [0x0000000081e00000,0x0000000089006cd8,0x0000000092d80000)
 Metaspace       used 23032K, capacity 23236K, committed 23680K, reserved 1071104K
  class space    used 2229K, capacity 2313K, committed 2432K, reserved 1048576K
Event: 63.999 GC heap after
Heap after GC invocations=15 (full 3):
 PSYoungGen      total 194048K, used 24478K [0x00000000d5f80000, 0x00000000e3f00000, 0x0000000100000000)
  eden space 167424K, 0% used [0x00000000d5f80000,0x00000000d5f80000,0x00000000e0300000)
  from space 26624K, 91% used [0x00000000e2200000,0x00000000e39e7930,0x00000000e3c00000)
  to   space 30720K, 0% used [0x00000000e0300000,0x00000000e0300000,0x00000000e2100000)
 ParOldGen       total 278016K, used 119991K [0x0000000081e00000, 0x0000000092d80000, 0x00000000d5f80000)
  object space 278016K, 43% used [0x0000000081e00000,0x000000008932dc58,0x0000000092d80000)
 Metaspace       used 23032K, capacity 23236K, committed 23680K, reserved 1071104K
  class space    used 2229K, capacity 2313K, committed 2432K, reserved 1048576K
}

