# JRE version: Java(TM) SE Runtime Environment (8.0_181-b13) (build 1.8.0_181-b13)
# Java VM: Java HotSpot(TM) 64-Bit Server VM (25.181-b13 mixed mode windows-amd64 compressed oops)
Heap:
 PSYoungGen      total 202240K, used 124072K [0x00000000d5f80000, 0x00000000e8880000, 0x0000000100000000)
  eden space 131072K, 43% used [0x00000000d5f80000,0x00000000d96b2198,0x00000000ddf80000)
  from space 71168K, 94% used [0x00000000ddf80000,0x00000000e21780e0,0x00000000e2500000)
  to   space 81920K, 0% used [0x00000000e3880000,0x00000000e3880000,0x00000000e8880000)
 ParOldGen       total 294400K, used 139731K [0x0000000081e00000, 0x0000000093d80000, 0x00000000d5f80000)
  object space 294400K, 47% used [0x0000000081e00000,0x000000008a674de8,0x0000000093d80000)
 Metaspace       used 22963K, capacity 23172K, committed 23680K, reserved 1071104K
  class space    used 2221K, capacity 2313K, committed 2432K, reserved 1048576K
GC Heap History (10 events):
Event: 10.717 GC heap before
{Heap before GC invocations=18 (full 3):
 PSYoungGen      total 164352K, used 151936K [0x00000000d5f80000, 0x00000000e2e80000, 0x0000000100000000)
  eden space 122880K, 100% used [0x00000000d5f80000,0x00000000dd780000,0x00000000dd780000)
  from space 41472K, 70% used [0x00000000e0280000,0x00000000e1ee0060,0x00000000e2b00000)
  to   space 44032K, 0% used [0x00000000dd780000,0x00000000dd780000,0x00000000e0280000)
 ParOldGen       total 294400K, used 130131K [0x0000000081e00000, 0x0000000093d80000, 0x00000000d5f80000)
  object space 294400K, 44% used [0x0000000081e00000,0x0000000089d14dc8,0x0000000093d80000)
 Metaspace       used 21725K, capacity 21950K, committed 22448K, reserved 1069056K
  class space    used 2168K, capacity 2248K, committed 2304K, reserved 1048576K
Event: 10.722 GC heap after
Heap after GC invocations=18 (full 3):
 PSYoungGen      total 166912K, used 38688K [0x00000000d5f80000, 0x00000000e4600000, 0x0000000100000000)
  eden space 122880K, 0% used [0x00000000d5f80000,0x00000000d5f80000,0x00000000dd780000)
  from space 44032K, 87% used [0x00000000dd780000,0x00000000dfd48080,0x00000000e0280000)
  to   space 49664K, 0% used [0x00000000e1580000,0x00000000e1580000,0x00000000e4600000)
 ParOldGen       total 294400K, used 130131K [0x0000000081e00000, 0x0000000093d80000, 0x00000000d5f80000)
  object space 294400K, 44% used [0x0000000081e00000,0x0000000089d14dc8,0x0000000093d80000)
 Metaspace       used 21725K, capacity 21950K, committed 22448K, reserved 1069056K
  class space    used 2168K, capacity 2248K, committed 2304K, reserved 1048576K
}
Event: 11.519 GC heap before
{Heap before GC invocations=19 (full 3):
 PSYoungGen      total 166912K, used 161568K [0x00000000d5f80000, 0x00000000e4600000, 0x0000000100000000)
  eden space 122880K, 100% used [0x00000000d5f80000,0x00000000dd780000,0x00000000dd780000)
  from space 44032K, 87% used [0x00000000dd780000,0x00000000dfd48080,0x00000000e0280000)
  to   space 49664K, 0% used [0x00000000e1580000,0x00000000e1580000,0x00000000e4600000)
 ParOldGen       total 294400K, used 130131K [0x0000000081e00000, 0x0000000093d80000, 0x00000000d5f80000)
  object space 294400K, 44% used [0x0000000081e00000,0x0000000089d14dc8,0x0000000093d80000)
 Metaspace       used 21726K, capacity 21950K, committed 22448K, reserved 1069056K
  class space    used 2168K, capacity 2248K, committed 2304K, reserved 1048576K
Event: 11.529 GC heap after
Heap after GC invocations=19 (full 3):
 PSYoungGen      total 180224K, used 43488K [0x00000000d5f80000, 0x00000000e5280000, 0x0000000100000000)
  eden space 130560K, 0% used [0x00000000d5f80000,0x00000000d5f80000,0x00000000ddf00000)
  from space 49664K, 87% used [0x00000000e1580000,0x00000000e3ff8090,0x00000000e4600000)
  to   space 55808K, 0% used [0x00000000ddf00000,0x00000000ddf00000,0x00000000e1580000)
 ParOldGen       total 294400K, used 130131K [0x0000000081e00000, 0x0000000093d80000, 0x00000000d5f80000)
  object space 294400K, 44% used [0x0000000081e00000,0x0000000089d14dc8,0x0000000093d80000)
 Metaspace       used 21726K, capacity 21950K, committed 22448K, reserved 1069056K
  class space    used 2168K, capacity 2248K, committed 2304K, reserved 1048576K
}
Event: 12.400 GC heap before
{Heap before GC invocations=20 (full 3):
 PSYoungGen      total 180224K, used 174048K [0x00000000d5f80000, 0x00000000e5280000, 0x0000000100000000)
  eden space 130560K, 100% used [0x00000000d5f80000,0x00000000ddf00000,0x00000000ddf00000)
  from space 49664K, 87% used [0x00000000e1580000,0x00000000e3ff8090,0x00000000e4600000)
  to   space 55808K, 0% used [0x00000000ddf00000,0x00000000ddf00000,0x00000000e1580000)
 ParOldGen       total 294400K, used 130131K [0x0000000081e00000, 0x0000000093d80000, 0x00000000d5f80000)
  object space 294400K, 44% used [0x0000000081e00000,0x0000000089d14dc8,0x0000000093d80000)
 Metaspace       used 21727K, capacity 21950K, committed 22448K, reserved 1069056K
  class space    used 2168K, capacity 2248K, committed 2304K, reserved 1048576K
Event: 12.406 GC heap after
Heap after GC invocations=20 (full 3):
 PSYoungGen      total 186368K, used 48256K [0x00000000d5f80000, 0x00000000e6200000, 0x0000000100000000)
  eden space 130560K, 0% used [0x00000000d5f80000,0x00000000d5f80000,0x00000000ddf00000)
  from space 55808K, 86% used [0x00000000ddf00000,0x00000000e0e200a0,0x00000000e1580000)
  to   space 62464K, 0% used [0x00000000e2500000,0x00000000e2500000,0x00000000e6200000)
 ParOldGen       total 294400K, used 130131K [0x0000000081e00000, 0x0000000093d80000, 0x00000000d5f80000)
  object space 294400K, 44% used [0x0000000081e00000,0x0000000089d14dc8,0x0000000093d80000)
 Metaspace       used 21727K, capacity 21950K, committed 22448K, reserved 1069056K
  class space    used 2168K, capacity 2248K, committed 2304K, reserved 1048576K
}
Event: 13.235 GC heap before
{Heap before GC invocations=21 (full 3):
 PSYoungGen      total 186368K, used 178816K [0x00000000d5f80000, 0x00000000e6200000, 0x0000000100000000)
  eden space 130560K, 100% used [0x00000000d5f80000,0x00000000ddf00000,0x00000000ddf00000)
  from space 55808K, 86% used [0x00000000ddf00000,0x00000000e0e200a0,0x00000000e1580000)
  to   space 62464K, 0% used [0x00000000e2500000,0x00000000e2500000,0x00000000e6200000)
 ParOldGen       total 294400K, used 130131K [0x0000000081e00000, 0x0000000093d80000, 0x00000000d5f80000)
  object space 294400K, 44% used [0x0000000081e00000,0x0000000089d14dc8,0x0000000093d80000)
 Metaspace       used 21729K, capacity 21950K, committed 22448K, reserved 1069056K
  class space    used 2168K, capacity 2248K, committed 2304K, reserved 1048576K
Event: 13.243 GC heap after
Heap after GC invocations=21 (full 3):
 PSYoungGen      total 193536K, used 57952K [0x00000000d5f80000, 0x00000000e7300000, 0x0000000100000000)
  eden space 131072K, 0% used [0x00000000d5f80000,0x00000000d5f80000,0x00000000ddf80000)
  from space 62464K, 92% used [0x00000000e2500000,0x00000000e5d980c0,0x00000000e6200000)
  to   space 71168K, 0% used [0x00000000ddf80000,0x00000000ddf80000,0x00000000e2500000)
 ParOldGen       total 294400K, used 130131K [0x0000000081e00000, 0x0000000093d80000, 0x00000000d5f80000)
  object space 294400K, 44% used [0x0000000081e00000,0x0000000089d14dc8,0x0000000093d80000)
 Metaspace       used 21729K, capacity 21950K, committed 22448K, reserved 1069056K
  class space    used 2168K, capacity 2248K, committed 2304K, reserved 1048576K
}
Event: 14.088 GC heap before
{Heap before GC invocations=22 (full 3):
 PSYoungGen      total 193536K, used 189024K [0x00000000d5f80000, 0x00000000e7300000, 0x0000000100000000)
  eden space 131072K, 100% used [0x00000000d5f80000,0x00000000ddf80000,0x00000000ddf80000)
  from space 62464K, 92% used [0x00000000e2500000,0x00000000e5d980c0,0x00000000e6200000)
  to   space 71168K, 0% used [0x00000000ddf80000,0x00000000ddf80000,0x00000000e2500000)
 ParOldGen       total 294400K, used 130131K [0x0000000081e00000, 0x0000000093d80000, 0x00000000d5f80000)
  object space 294400K, 44% used [0x0000000081e00000,0x0000000089d14dc8,0x0000000093d80000)
 Metaspace       used 21731K, capacity 21950K, committed 22448K, reserved 1069056K
  class space    used 2168K, capacity 2248K, committed 2304K, reserved 1048576K
Event: 14.096 GC heap after
Heap after GC invocations=22 (full 3):
 PSYoungGen      total 202240K, used 67552K [0x00000000d5f80000, 0x00000000e8880000, 0x0000000100000000)
  eden space 131072K, 0% used [0x00000000d5f80000,0x00000000d5f80000,0x00000000ddf80000)
  from space 71168K, 94% used [0x00000000ddf80000,0x00000000e21780e0,0x00000000e2500000)
  to   space 81920K, 0% used [0x00000000e3880000,0x00000000e3880000,0x00000000e8880000)
 ParOldGen       total 294400K, used 139731K [0x0000000081e00000, 0x0000000093d80000, 0x00000000d5f80000)
  object space 294400K, 47% used [0x0000000081e00000,0x000000008a674de8,0x0000000093d80000)
 Metaspace       used 21731K, capacity 21950K, committed 22448K, reserved 1069056K
  class space    used 2168K, capacity 2248K, committed 2304K, reserved 1048576K
}

