# JRE version: Java(TM) SE Runtime Environment (8.0_181-b13) (build 1.8.0_181-b13)
# Java VM: Java HotSpot(TM) 64-Bit Server VM (25.181-b13 mixed mode windows-amd64 compressed oops)
Heap:
 PSYoungGen      total 164864K, used 138890K [0x00000000d5f80000, 0x00000000e3400000, 0x0000000100000000)
  eden space 144896K, 86% used [0x00000000d5f80000,0x00000000dda76880,0x00000000ded00000)
  from space 19968K, 64% used [0x00000000ded00000,0x00000000df9ac1c0,0x00000000e0080000)
  to   space 20992K, 0% used [0x00000000e1f80000,0x00000000e1f80000,0x00000000e3400000)
 ParOldGen       total 283648K, used 116763K [0x0000000081e00000, 0x0000000093300000, 0x00000000d5f80000)
  object space 283648K, 41% used [0x0000000081e00000,0x0000000089006e20,0x0000000093300000)
 Metaspace       used 22669K, capacity 22848K, committed 23168K, reserved 1071104K
  class space    used 2231K, capacity 2309K, committed 2432K, reserved 1048576K
GC Heap History (10 events):
Event: 4.551 GC heap before
{Heap before GC invocations=10 (full 2):
 PSYoungGen      total 111616K, used 97408K [0x00000000d5f80000, 0x00000000df700000, 0x0000000100000000)
  eden space 97280K, 100% used [0x00000000d5f80000,0x00000000dbe80000,0x00000000dbe80000)
  from space 14336K, 0% used [0x00000000dbe80000,0x00000000dbea0000,0x00000000dcc80000)
  to   space 14336K, 0% used [0x00000000de900000,0x00000000de900000,0x00000000df700000)
 ParOldGen       total 173568K, used 39742K [0x0000000081e00000, 0x000000008c780000, 0x00000000d5f80000)
  object space 173568K, 22% used [0x0000000081e00000,0x00000000844cf8c8,0x000000008c780000)
 Metaspace       used 21435K, capacity 21690K, committed 22192K, reserved 1069056K
  class space    used 2148K, capacity 2244K, committed 2304K, reserved 1048576K
Event: 4.555 GC heap after
Heap after GC invocations=10 (full 2):
 PSYoungGen      total 139776K, used 9211K [0x00000000d5f80000, 0x00000000dfb80000, 0x0000000100000000)
  eden space 125440K, 0% used [0x00000000d5f80000,0x00000000d5f80000,0x00000000dda00000)
  from space 14336K, 64% used [0x00000000de900000,0x00000000df1fed70,0x00000000df700000)
  to   space 15360K, 0% used [0x00000000dda00000,0x00000000dda00000,0x00000000de900000)
 ParOldGen       total 173568K, used 64050K [0x0000000081e00000, 0x000000008c780000, 0x00000000d5f80000)
  object space 173568K, 36% used [0x0000000081e00000,0x0000000085c8c8d8,0x000000008c780000)
 Metaspace       used 21435K, capacity 21690K, committed 22192K, reserved 1069056K
  class space    used 2148K, capacity 2244K, committed 2304K, reserved 1048576K
}
Event: 6.013 GC heap before
{Heap before GC invocations=11 (full 2):
 PSYoungGen      total 139776K, used 134651K [0x00000000d5f80000, 0x00000000dfb80000, 0x0000000100000000)
  eden space 125440K, 100% used [0x00000000d5f80000,0x00000000dda00000,0x00000000dda00000)
  from space 14336K, 64% used [0x00000000de900000,0x00000000df1fed70,0x00000000df700000)
  to   space 15360K, 0% used [0x00000000dda00000,0x00000000dda00000,0x00000000de900000)
 ParOldGen       total 173568K, used 64050K [0x0000000081e00000, 0x000000008c780000, 0x00000000d5f80000)
  object space 173568K, 36% used [0x0000000081e00000,0x0000000085c8c8d8,0x000000008c780000)
 Metaspace       used 21772K, capacity 22042K, committed 22448K, reserved 1069056K
  class space    used 2179K, capacity 2276K, committed 2304K, reserved 1048576K
Event: 6.020 GC heap after
Heap after GC invocations=11 (full 2):
 PSYoungGen      total 140800K, used 15005K [0x00000000d5f80000, 0x00000000e1200000, 0x0000000100000000)
  eden space 125440K, 0% used [0x00000000d5f80000,0x00000000d5f80000,0x00000000dda00000)
  from space 15360K, 97% used [0x00000000dda00000,0x00000000de8a7408,0x00000000de900000)
  to   space 17920K, 0% used [0x00000000e0080000,0x00000000e0080000,0x00000000e1200000)
 ParOldGen       total 173568K, used 90987K [0x0000000081e00000, 0x000000008c780000, 0x00000000d5f80000)
  object space 173568K, 52% used [0x0000000081e00000,0x00000000876daff8,0x000000008c780000)
 Metaspace       used 21772K, capacity 22042K, committed 22448K, reserved 1069056K
  class space    used 2179K, capacity 2276K, committed 2304K, reserved 1048576K
}
Event: 6.306 GC heap before
{Heap before GC invocations=12 (full 2):
 PSYoungGen      total 140800K, used 140445K [0x00000000d5f80000, 0x00000000e1200000, 0x0000000100000000)
  eden space 125440K, 100% used [0x00000000d5f80000,0x00000000dda00000,0x00000000dda00000)
  from space 15360K, 97% used [0x00000000dda00000,0x00000000de8a7408,0x00000000de900000)
  to   space 17920K, 0% used [0x00000000e0080000,0x00000000e0080000,0x00000000e1200000)
 ParOldGen       total 173568K, used 90987K [0x0000000081e00000, 0x000000008c780000, 0x00000000d5f80000)
  object space 173568K, 52% used [0x0000000081e00000,0x00000000876daff8,0x000000008c780000)
 Metaspace       used 21775K, capacity 22042K, committed 22448K, reserved 1069056K
  class space    used 2179K, capacity 2276K, committed 2304K, reserved 1048576K
Event: 6.317 GC heap after
Heap after GC invocations=12 (full 2):
 PSYoungGen      total 162816K, used 15934K [0x00000000d5f80000, 0x00000000e1b00000, 0x0000000100000000)
  eden space 144896K, 0% used [0x00000000d5f80000,0x00000000d5f80000,0x00000000ded00000)
  from space 17920K, 88% used [0x00000000e0080000,0x00000000e100fb00,0x00000000e1200000)
  to   space 19968K, 0% used [0x00000000ded00000,0x00000000ded00000,0x00000000e0080000)
 ParOldGen       total 173568K, used 134188K [0x0000000081e00000, 0x000000008c780000, 0x00000000d5f80000)
  object space 173568K, 77% used [0x0000000081e00000,0x000000008a10b088,0x000000008c780000)
 Metaspace       used 21775K, capacity 22042K, committed 22448K, reserved 1069056K
  class space    used 2179K, capacity 2276K, committed 2304K, reserved 1048576K
}
Event: 6.317 GC heap before
{Heap before GC invocations=13 (full 3):
 PSYoungGen      total 162816K, used 15934K [0x00000000d5f80000, 0x00000000e1b00000, 0x0000000100000000)
  eden space 144896K, 0% used [0x00000000d5f80000,0x00000000d5f80000,0x00000000ded00000)
  from space 17920K, 88% used [0x00000000e0080000,0x00000000e100fb00,0x00000000e1200000)
  to   space 19968K, 0% used [0x00000000ded00000,0x00000000ded00000,0x00000000e0080000)
 ParOldGen       total 173568K, used 134188K [0x0000000081e00000, 0x000000008c780000, 0x00000000d5f80000)
  object space 173568K, 77% used [0x0000000081e00000,0x000000008a10b088,0x000000008c780000)
 Metaspace       used 21775K, capacity 22042K, committed 22448K, reserved 1069056K
  class space    used 2179K, capacity 2276K, committed 2304K, reserved 1048576K
Event: 6.353 GC heap after
Heap after GC invocations=13 (full 3):
 PSYoungGen      total 162816K, used 0K [0x00000000d5f80000, 0x00000000e1b00000, 0x0000000100000000)
  eden space 144896K, 0% used [0x00000000d5f80000,0x00000000d5f80000,0x00000000ded00000)
  from space 17920K, 0% used [0x00000000e0080000,0x00000000e0080000,0x00000000e1200000)
  to   space 19968K, 0% used [0x00000000ded00000,0x00000000ded00000,0x00000000e0080000)
 ParOldGen       total 283648K, used 116755K [0x0000000081e00000, 0x0000000093300000, 0x00000000d5f80000)
  object space 283648K, 41% used [0x0000000081e00000,0x0000000089004e20,0x0000000093300000)
 Metaspace       used 21775K, capacity 22042K, committed 22448K, reserved 1069056K
  class space    used 2179K, capacity 2276K, committed 2304K, reserved 1048576K
}
Event: 7.446 GC heap before
{Heap before GC invocations=14 (full 3):
 PSYoungGen      total 162816K, used 144896K [0x00000000d5f80000, 0x00000000e1b00000, 0x0000000100000000)
  eden space 144896K, 100% used [0x00000000d5f80000,0x00000000ded00000,0x00000000ded00000)
  from space 17920K, 0% used [0x00000000e0080000,0x00000000e0080000,0x00000000e1200000)
  to   space 19968K, 0% used [0x00000000ded00000,0x00000000ded00000,0x00000000e0080000)
 ParOldGen       total 283648K, used 116755K [0x0000000081e00000, 0x0000000093300000, 0x00000000d5f80000)
  object space 283648K, 41% used [0x0000000081e00000,0x0000000089004e20,0x0000000093300000)
 Metaspace       used 21784K, capacity 22042K, committed 22448K, reserved 1069056K
  class space    used 2179K, capacity 2276K, committed 2304K, reserved 1048576K
Event: 7.448 GC heap after
Heap after GC invocations=14 (full 3):
 PSYoungGen      total 164864K, used 12976K [0x00000000d5f80000, 0x00000000e3400000, 0x0000000100000000)
  eden space 144896K, 0% used [0x00000000d5f80000,0x00000000d5f80000,0x00000000ded00000)
  from space 19968K, 64% used [0x00000000ded00000,0x00000000df9ac1c0,0x00000000e0080000)
  to   space 20992K, 0% used [0x00000000e1f80000,0x00000000e1f80000,0x00000000e3400000)
 ParOldGen       total 283648K, used 116763K [0x0000000081e00000, 0x0000000093300000, 0x00000000d5f80000)
  object space 283648K, 41% used [0x0000000081e00000,0x0000000089006e20,0x0000000093300000)
 Metaspace       used 21784K, capacity 22042K, committed 22448K, reserved 1069056K
  class space    used 2179K, capacity 2276K, committed 2304K, reserved 1048576K
}

