# JRE version: Java(TM) SE Runtime Environment (8.0_181-b13) (build 1.8.0_181-b13)
# Java VM: Java HotSpot(TM) 64-Bit Server VM (25.181-b13 mixed mode windows-amd64 compressed oops)
Heap:
 PSYoungGen      total 381952K, used 270295K [0x00000000d5f80000, 0x00000000f8f00000, 0x0000000100000000)
  eden space 332800K, 78% used [0x00000000d5f80000,0x00000000e5e0d7f0,0x00000000ea480000)
  from space 49152K, 19% used [0x00000000ea480000,0x00000000eade87e8,0x00000000ed480000)
  to   space 48640K, 0% used [0x00000000f5f80000,0x00000000f5f80000,0x00000000f8f00000)
 ParOldGen       total 217088K, used 128675K [0x0000000081e00000, 0x000000008f200000, 0x00000000d5f80000)
  object space 217088K, 59% used [0x0000000081e00000,0x0000000089ba8c08,0x000000008f200000)
 Metaspace       used 22773K, capacity 23050K, committed 23424K, reserved 1071104K
  class space    used 2209K, capacity 2314K, committed 2432K, reserved 1048576K
GC Heap History (10 events):
Event: 8.891 GC heap before
{Heap before GC invocations=9 (full 1):
 PSYoungGen      total 162304K, used 149971K [0x00000000d5f80000, 0x00000000e8c00000, 0x0000000100000000)
  eden space 125440K, 100% used [0x00000000d5f80000,0x00000000dda00000,0x00000000dda00000)
  from space 36864K, 66% used [0x00000000dda00000,0x00000000df1f4f88,0x00000000dfe00000)
  to   space 37376K, 0% used [0x00000000e6780000,0x00000000e6780000,0x00000000e8c00000)
 ParOldGen       total 124416K, used 54931K [0x0000000081e00000, 0x0000000089780000, 0x00000000d5f80000)
  object space 124416K, 44% used [0x0000000081e00000,0x00000000853a4fb8,0x0000000089780000)
 Metaspace       used 21730K, capacity 21918K, committed 22272K, reserved 1069056K
  class space    used 2161K, capacity 2216K, committed 2304K, reserved 1048576K
Event: 8.896 GC heap after
Heap after GC invocations=9 (full 1):
 PSYoungGen      total 266240K, used 34131K [0x00000000d5f80000, 0x00000000e9000000, 0x0000000100000000)
  eden space 228864K, 0% used [0x00000000d5f80000,0x00000000d5f80000,0x00000000e3f00000)
  from space 37376K, 91% used [0x00000000e6780000,0x00000000e88d4fa8,0x00000000e8c00000)
  to   space 41472K, 0% used [0x00000000e3f00000,0x00000000e3f00000,0x00000000e6780000)
 ParOldGen       total 124416K, used 54931K [0x0000000081e00000, 0x0000000089780000, 0x00000000d5f80000)
  object space 124416K, 44% used [0x0000000081e00000,0x00000000853a4fb8,0x0000000089780000)
 Metaspace       used 21730K, capacity 21918K, committed 22272K, reserved 1069056K
  class space    used 2161K, capacity 2216K, committed 2304K, reserved 1048576K
}
Event: 10.548 GC heap before
{Heap before GC invocations=10 (full 1):
 PSYoungGen      total 266240K, used 262995K [0x00000000d5f80000, 0x00000000e9000000, 0x0000000100000000)
  eden space 228864K, 100% used [0x00000000d5f80000,0x00000000e3f00000,0x00000000e3f00000)
  from space 37376K, 91% used [0x00000000e6780000,0x00000000e88d4fa8,0x00000000e8c00000)
  to   space 41472K, 0% used [0x00000000e3f00000,0x00000000e3f00000,0x00000000e6780000)
 ParOldGen       total 124416K, used 54931K [0x0000000081e00000, 0x0000000089780000, 0x00000000d5f80000)
  object space 124416K, 44% used [0x0000000081e00000,0x00000000853a4fb8,0x0000000089780000)
 Metaspace       used 21733K, capacity 21918K, committed 22272K, reserved 1069056K
  class space    used 2161K, capacity 2216K, committed 2304K, reserved 1048576K
Event: 10.555 GC heap after
Heap after GC invocations=10 (full 1):
 PSYoungGen      total 270336K, used 36849K [0x00000000d5f80000, 0x00000000f0200000, 0x0000000100000000)
  eden space 228864K, 0% used [0x00000000d5f80000,0x00000000d5f80000,0x00000000e3f00000)
  from space 41472K, 88% used [0x00000000e3f00000,0x00000000e62fc740,0x00000000e6780000)
  to   space 45568K, 0% used [0x00000000ed580000,0x00000000ed580000,0x00000000f0200000)
 ParOldGen       total 124416K, used 71510K [0x0000000081e00000, 0x0000000089780000, 0x00000000d5f80000)
  object space 124416K, 57% used [0x0000000081e00000,0x00000000863d5860,0x0000000089780000)
 Metaspace       used 21733K, capacity 21918K, committed 22272K, reserved 1069056K
  class space    used 2161K, capacity 2216K, committed 2304K, reserved 1048576K
}
Event: 12.148 GC heap before
{Heap before GC invocations=11 (full 1):
 PSYoungGen      total 270336K, used 264592K [0x00000000d5f80000, 0x00000000f0200000, 0x0000000100000000)
  eden space 228864K, 99% used [0x00000000d5f80000,0x00000000e3de7b50,0x00000000e3f00000)
  from space 41472K, 88% used [0x00000000e3f00000,0x00000000e62fc740,0x00000000e6780000)
  to   space 45568K, 0% used [0x00000000ed580000,0x00000000ed580000,0x00000000f0200000)
 ParOldGen       total 124416K, used 71510K [0x0000000081e00000, 0x0000000089780000, 0x00000000d5f80000)
  object space 124416K, 57% used [0x0000000081e00000,0x00000000863d5860,0x0000000089780000)
 Metaspace       used 21735K, capacity 21918K, committed 22272K, reserved 1069056K
  class space    used 2161K, capacity 2216K, committed 2304K, reserved 1048576K
Event: 12.157 GC heap after
Heap after GC invocations=11 (full 1):
 PSYoungGen      total 378368K, used 38752K [0x00000000d5f80000, 0x00000000f0480000, 0x0000000100000000)
  eden space 332800K, 0% used [0x00000000d5f80000,0x00000000d5f80000,0x00000000ea480000)
  from space 45568K, 85% used [0x00000000ed580000,0x00000000efb58080,0x00000000f0200000)
  to   space 49152K, 0% used [0x00000000ea480000,0x00000000ea480000,0x00000000ed480000)
 ParOldGen       total 124416K, used 88951K [0x0000000081e00000, 0x0000000089780000, 0x00000000d5f80000)
  object space 124416K, 71% used [0x0000000081e00000,0x00000000874ddf60,0x0000000089780000)
 Metaspace       used 21735K, capacity 21918K, committed 22272K, reserved 1069056K
  class space    used 2161K, capacity 2216K, committed 2304K, reserved 1048576K
}
Event: 14.480 GC heap before
{Heap before GC invocations=12 (full 1):
 PSYoungGen      total 378368K, used 371552K [0x00000000d5f80000, 0x00000000f0480000, 0x0000000100000000)
  eden space 332800K, 100% used [0x00000000d5f80000,0x00000000ea480000,0x00000000ea480000)
  from space 45568K, 85% used [0x00000000ed580000,0x00000000efb58080,0x00000000f0200000)
  to   space 49152K, 0% used [0x00000000ea480000,0x00000000ea480000,0x00000000ed480000)
 ParOldGen       total 124416K, used 88951K [0x0000000081e00000, 0x0000000089780000, 0x00000000d5f80000)
  object space 124416K, 71% used [0x0000000081e00000,0x00000000874ddf60,0x0000000089780000)
 Metaspace       used 21739K, capacity 21918K, committed 22272K, reserved 1069056K
  class space    used 2161K, capacity 2216K, committed 2304K, reserved 1048576K
Event: 14.490 GC heap after
Heap after GC invocations=12 (full 1):
 PSYoungGen      total 381952K, used 29066K [0x00000000d5f80000, 0x00000000f8f00000, 0x0000000100000000)
  eden space 332800K, 0% used [0x00000000d5f80000,0x00000000d5f80000,0x00000000ea480000)
  from space 49152K, 59% used [0x00000000ea480000,0x00000000ec0e28d0,0x00000000ed480000)
  to   space 48640K, 0% used [0x00000000f5f80000,0x00000000f5f80000,0x00000000f8f00000)
 ParOldGen       total 129536K, used 127471K [0x0000000081e00000, 0x0000000089c80000, 0x00000000d5f80000)
  object space 129536K, 98% used [0x0000000081e00000,0x0000000089a7bfe0,0x0000000089c80000)
 Metaspace       used 21739K, capacity 21918K, committed 22272K, reserved 1069056K
  class space    used 2161K, capacity 2216K, committed 2304K, reserved 1048576K
}
Event: 14.490 GC heap before
{Heap before GC invocations=13 (full 2):
 PSYoungGen      total 381952K, used 29066K [0x00000000d5f80000, 0x00000000f8f00000, 0x0000000100000000)
  eden space 332800K, 0% used [0x00000000d5f80000,0x00000000d5f80000,0x00000000ea480000)
  from space 49152K, 59% used [0x00000000ea480000,0x00000000ec0e28d0,0x00000000ed480000)
  to   space 48640K, 0% used [0x00000000f5f80000,0x00000000f5f80000,0x00000000f8f00000)
 ParOldGen       total 129536K, used 127471K [0x0000000081e00000, 0x0000000089c80000, 0x00000000d5f80000)
  object space 129536K, 98% used [0x0000000081e00000,0x0000000089a7bfe0,0x0000000089c80000)
 Metaspace       used 21739K, capacity 21918K, committed 22272K, reserved 1069056K
  class space    used 2161K, capacity 2216K, committed 2304K, reserved 1048576K
Event: 14.528 GC heap after
Heap after GC invocations=13 (full 2):
 PSYoungGen      total 381952K, used 9633K [0x00000000d5f80000, 0x00000000f8f00000, 0x0000000100000000)
  eden space 332800K, 0% used [0x00000000d5f80000,0x00000000d5f80000,0x00000000ea480000)
  from space 49152K, 19% used [0x00000000ea480000,0x00000000eade87e8,0x00000000ed480000)
  to   space 48640K, 0% used [0x00000000f5f80000,0x00000000f5f80000,0x00000000f8f00000)
 ParOldGen       total 217088K, used 128675K [0x0000000081e00000, 0x000000008f200000, 0x00000000d5f80000)
  object space 217088K, 59% used [0x0000000081e00000,0x0000000089ba8c08,0x000000008f200000)
 Metaspace       used 21739K, capacity 21918K, committed 22272K, reserved 1069056K
  class space    used 2161K, capacity 2216K, committed 2304K, reserved 1048576K
}

