# JRE version: Java(TM) SE Runtime Environment (8.0_181-b13) (build 1.8.0_181-b13)
# Java VM: Java HotSpot(TM) 64-Bit Server VM (25.181-b13 mixed mode windows-amd64 compressed oops)
Heap:
 PSYoungGen      total 141312K, used 137500K [0x00000000d5f80000, 0x00000000e3b00000, 0x0000000100000000)
  eden space 83968K, 99% used [0x00000000d5f80000,0x00000000db15b828,0x00000000db180000)
  from space 57344K, 93% used [0x00000000df280000,0x00000000e26eb7e0,0x00000000e2a80000)
  to   space 66560K, 0% used [0x00000000db180000,0x00000000db180000,0x00000000df280000)
 ParOldGen       total 166400K, used 110336K [0x0000000081e00000, 0x000000008c080000, 0x00000000d5f80000)
  object space 166400K, 66% used [0x0000000081e00000,0x00000000889c0108,0x000000008c080000)
 Metaspace       used 22710K, capacity 22912K, committed 23424K, reserved 1071104K
  class space    used 2225K, capacity 2309K, committed 2432K, reserved 1048576K
GC Heap History (10 events):
Event: 6.439 GC heap before
{Heap before GC invocations=14 (full 2):
 PSYoungGen      total 95744K, used 90894K [0x00000000d5f80000, 0x00000000ddc80000, 0x0000000100000000)
  eden space 77824K, 100% used [0x00000000d5f80000,0x00000000dab80000,0x00000000dab80000)
  from space 17920K, 72% used [0x00000000dab80000,0x00000000db843ac8,0x00000000dbd00000)
  to   space 19456K, 0% used [0x00000000dc980000,0x00000000dc980000,0x00000000ddc80000)
 ParOldGen       total 166400K, used 64046K [0x0000000081e00000, 0x000000008c080000, 0x00000000d5f80000)
  object space 166400K, 38% used [0x0000000081e00000,0x0000000085c8b998,0x000000008c080000)
 Metaspace       used 21720K, capacity 21978K, committed 22448K, reserved 1069056K
  class space    used 2173K, capacity 2276K, committed 2304K, reserved 1048576K
Event: 6.446 GC heap after
Heap after GC invocations=14 (full 2):
 PSYoungGen      total 92672K, used 19424K [0x00000000d5f80000, 0x00000000dfe00000, 0x0000000100000000)
  eden space 73216K, 0% used [0x00000000d5f80000,0x00000000d5f80000,0x00000000da700000)
  from space 19456K, 99% used [0x00000000dc980000,0x00000000ddc78040,0x00000000ddc80000)
  to   space 35328K, 0% used [0x00000000da700000,0x00000000da700000,0x00000000dc980000)
 ParOldGen       total 166400K, used 95928K [0x0000000081e00000, 0x000000008c080000, 0x00000000d5f80000)
  object space 166400K, 57% used [0x0000000081e00000,0x0000000087bae0d8,0x000000008c080000)
 Metaspace       used 21720K, capacity 21978K, committed 22448K, reserved 1069056K
  class space    used 2173K, capacity 2276K, committed 2304K, reserved 1048576K
}
Event: 6.607 GC heap before
{Heap before GC invocations=15 (full 2):
 PSYoungGen      total 92672K, used 92640K [0x00000000d5f80000, 0x00000000dfe00000, 0x0000000100000000)
  eden space 73216K, 100% used [0x00000000d5f80000,0x00000000da700000,0x00000000da700000)
  from space 19456K, 99% used [0x00000000dc980000,0x00000000ddc78040,0x00000000ddc80000)
  to   space 35328K, 0% used [0x00000000da700000,0x00000000da700000,0x00000000dc980000)
 ParOldGen       total 166400K, used 95928K [0x0000000081e00000, 0x000000008c080000, 0x00000000d5f80000)
  object space 166400K, 57% used [0x0000000081e00000,0x0000000087bae0d8,0x000000008c080000)
 Metaspace       used 21721K, capacity 21978K, committed 22448K, reserved 1069056K
  class space    used 2173K, capacity 2276K, committed 2304K, reserved 1048576K
Event: 6.616 GC heap after
Heap after GC invocations=15 (full 2):
 PSYoungGen      total 108544K, used 33984K [0x00000000d5f80000, 0x00000000e0600000, 0x0000000100000000)
  eden space 73216K, 0% used [0x00000000d5f80000,0x00000000d5f80000,0x00000000da700000)
  from space 35328K, 96% used [0x00000000da700000,0x00000000dc830070,0x00000000dc980000)
  to   space 41472K, 0% used [0x00000000ddd80000,0x00000000ddd80000,0x00000000e0600000)
 ParOldGen       total 166400K, used 100728K [0x0000000081e00000, 0x000000008c080000, 0x00000000d5f80000)
  object space 166400K, 60% used [0x0000000081e00000,0x000000008805e0e8,0x000000008c080000)
 Metaspace       used 21721K, capacity 21978K, committed 22448K, reserved 1069056K
  class space    used 2173K, capacity 2276K, committed 2304K, reserved 1048576K
}
Event: 6.929 GC heap before
{Heap before GC invocations=16 (full 2):
 PSYoungGen      total 108544K, used 107200K [0x00000000d5f80000, 0x00000000e0600000, 0x0000000100000000)
  eden space 73216K, 100% used [0x00000000d5f80000,0x00000000da700000,0x00000000da700000)
  from space 35328K, 96% used [0x00000000da700000,0x00000000dc830070,0x00000000dc980000)
  to   space 41472K, 0% used [0x00000000ddd80000,0x00000000ddd80000,0x00000000e0600000)
 ParOldGen       total 166400K, used 100728K [0x0000000081e00000, 0x000000008c080000, 0x00000000d5f80000)
  object space 166400K, 60% used [0x0000000081e00000,0x000000008805e0e8,0x000000008c080000)
 Metaspace       used 21723K, capacity 21978K, committed 22448K, reserved 1069056K
  class space    used 2173K, capacity 2276K, committed 2304K, reserved 1048576K
Event: 6.938 GC heap after
Heap after GC invocations=16 (full 2):
 PSYoungGen      total 121344K, used 40893K [0x00000000d5f80000, 0x00000000e1500000, 0x0000000100000000)
  eden space 79872K, 0% used [0x00000000d5f80000,0x00000000d5f80000,0x00000000dad80000)
  from space 41472K, 98% used [0x00000000ddd80000,0x00000000e056f620,0x00000000e0600000)
  to   space 49152K, 0% used [0x00000000dad80000,0x00000000dad80000,0x00000000ddd80000)
 ParOldGen       total 166400K, used 110328K [0x0000000081e00000, 0x000000008c080000, 0x00000000d5f80000)
  object space 166400K, 66% used [0x0000000081e00000,0x00000000889be108,0x000000008c080000)
 Metaspace       used 21723K, capacity 21978K, committed 22448K, reserved 1069056K
  class space    used 2173K, capacity 2276K, committed 2304K, reserved 1048576K
}
Event: 7.579 GC heap before
{Heap before GC invocations=17 (full 2):
 PSYoungGen      total 121344K, used 120765K [0x00000000d5f80000, 0x00000000e1500000, 0x0000000100000000)
  eden space 79872K, 100% used [0x00000000d5f80000,0x00000000dad80000,0x00000000dad80000)
  from space 41472K, 98% used [0x00000000ddd80000,0x00000000e056f620,0x00000000e0600000)
  to   space 49152K, 0% used [0x00000000dad80000,0x00000000dad80000,0x00000000ddd80000)
 ParOldGen       total 166400K, used 110328K [0x0000000081e00000, 0x000000008c080000, 0x00000000d5f80000)
  object space 166400K, 66% used [0x0000000081e00000,0x00000000889be108,0x000000008c080000)
 Metaspace       used 21728K, capacity 21978K, committed 22448K, reserved 1069056K
  class space    used 2173K, capacity 2276K, committed 2304K, reserved 1048576K
Event: 7.584 GC heap after
Heap after GC invocations=17 (full 2):
 PSYoungGen      total 129024K, used 46199K [0x00000000d5f80000, 0x00000000e2a80000, 0x0000000100000000)
  eden space 79872K, 0% used [0x00000000d5f80000,0x00000000d5f80000,0x00000000dad80000)
  from space 49152K, 93% used [0x00000000dad80000,0x00000000dda9dc30,0x00000000ddd80000)
  to   space 57344K, 0% used [0x00000000df280000,0x00000000df280000,0x00000000e2a80000)
 ParOldGen       total 166400K, used 110336K [0x0000000081e00000, 0x000000008c080000, 0x00000000d5f80000)
  object space 166400K, 66% used [0x0000000081e00000,0x00000000889c0108,0x000000008c080000)
 Metaspace       used 21728K, capacity 21978K, committed 22448K, reserved 1069056K
  class space    used 2173K, capacity 2276K, committed 2304K, reserved 1048576K
}
Event: 8.214 GC heap before
{Heap before GC invocations=18 (full 2):
 PSYoungGen      total 129024K, used 126071K [0x00000000d5f80000, 0x00000000e2a80000, 0x0000000100000000)
  eden space 79872K, 100% used [0x00000000d5f80000,0x00000000dad80000,0x00000000dad80000)
  from space 49152K, 93% used [0x00000000dad80000,0x00000000dda9dc30,0x00000000ddd80000)
  to   space 57344K, 0% used [0x00000000df280000,0x00000000df280000,0x00000000e2a80000)
 ParOldGen       total 166400K, used 110336K [0x0000000081e00000, 0x000000008c080000, 0x00000000d5f80000)
  object space 166400K, 66% used [0x0000000081e00000,0x00000000889c0108,0x000000008c080000)
 Metaspace       used 21731K, capacity 21978K, committed 22448K, reserved 1069056K
  class space    used 2173K, capacity 2276K, committed 2304K, reserved 1048576K
Event: 8.221 GC heap after
Heap after GC invocations=18 (full 2):
 PSYoungGen      total 141312K, used 53677K [0x00000000d5f80000, 0x00000000e3b00000, 0x0000000100000000)
  eden space 83968K, 0% used [0x00000000d5f80000,0x00000000d5f80000,0x00000000db180000)
  from space 57344K, 93% used [0x00000000df280000,0x00000000e26eb7e0,0x00000000e2a80000)
  to   space 66560K, 0% used [0x00000000db180000,0x00000000db180000,0x00000000df280000)
 ParOldGen       total 166400K, used 110336K [0x0000000081e00000, 0x000000008c080000, 0x00000000d5f80000)
  object space 166400K, 66% used [0x0000000081e00000,0x00000000889c0108,0x000000008c080000)
 Metaspace       used 21731K, capacity 21978K, committed 22448K, reserved 1069056K
  class space    used 2173K, capacity 2276K, committed 2304K, reserved 1048576K
}

