# JRE version: Java(TM) SE Runtime Environment (8.0_181-b13) (build 1.8.0_181-b13)
# Java VM: Java HotSpot(TM) 64-Bit Server VM (25.181-b13 mixed mode windows-amd64 compressed oops)
Heap:
 PSYoungGen      total 199168K, used 74996K [0x00000000d5f80000, 0x00000000e6700000, 0x0000000100000000)
  eden space 174080K, 29% used [0x00000000d5f80000,0x00000000d90f0188,0x00000000e0980000)
  from space 25088K, 97% used [0x00000000e0980000,0x00000000e214d180,0x00000000e2200000)
  to   space 29184K, 0% used [0x00000000e4a80000,0x00000000e4a80000,0x00000000e6700000)
 ParOldGen       total 238080K, used 112543K [0x0000000081e00000, 0x0000000090680000, 0x00000000d5f80000)
  object space 238080K, 47% used [0x0000000081e00000,0x0000000088be7f00,0x0000000090680000)
 Metaspace       used 22933K, capacity 23180K, committed 23680K, reserved 1071104K
  class space    used 2240K, capacity 2313K, committed 2432K, reserved 1048576K
GC Heap History (10 events):
Event: 4.668 GC heap before
{Heap before GC invocations=10 (full 2):
 PSYoungGen      total 123392K, used 102614K [0x00000000d5f80000, 0x00000000e1200000, 0x0000000100000000)
  eden space 104960K, 97% used [0x00000000d5f80000,0x00000000dc3a58c0,0x00000000dc600000)
  from space 18432K, 0% used [0x00000000dc600000,0x00000000dc610000,0x00000000dd800000)
  to   space 18432K, 0% used [0x00000000e0000000,0x00000000e0000000,0x00000000e1200000)
 ParOldGen       total 162816K, used 38961K [0x0000000081e00000, 0x000000008bd00000, 0x00000000d5f80000)
  object space 162816K, 23% used [0x0000000081e00000,0x000000008440c540,0x000000008bd00000)
 Metaspace       used 21427K, capacity 21662K, committed 22192K, reserved 1069056K
  class space    used 2134K, capacity 2216K, committed 2304K, reserved 1048576K
Event: 4.672 GC heap after
Heap after GC invocations=10 (full 2):
 PSYoungGen      total 164352K, used 9211K [0x00000000d5f80000, 0x00000000e1400000, 0x0000000100000000)
  eden space 145920K, 0% used [0x00000000d5f80000,0x00000000d5f80000,0x00000000dee00000)
  from space 18432K, 49% used [0x00000000e0000000,0x00000000e08fed70,0x00000000e1200000)
  to   space 18432K, 0% used [0x00000000dee00000,0x00000000dee00000,0x00000000e0000000)
 ParOldGen       total 162816K, used 63269K [0x0000000081e00000, 0x000000008bd00000, 0x00000000d5f80000)
  object space 162816K, 38% used [0x0000000081e00000,0x0000000085bc9550,0x000000008bd00000)
 Metaspace       used 21427K, capacity 21662K, committed 22192K, reserved 1069056K
  class space    used 2134K, capacity 2216K, committed 2304K, reserved 1048576K
}
Event: 6.147 GC heap before
{Heap before GC invocations=11 (full 2):
 PSYoungGen      total 164352K, used 155131K [0x00000000d5f80000, 0x00000000e1400000, 0x0000000100000000)
  eden space 145920K, 100% used [0x00000000d5f80000,0x00000000dee00000,0x00000000dee00000)
  from space 18432K, 49% used [0x00000000e0000000,0x00000000e08fed70,0x00000000e1200000)
  to   space 18432K, 0% used [0x00000000dee00000,0x00000000dee00000,0x00000000e0000000)
 ParOldGen       total 162816K, used 63269K [0x0000000081e00000, 0x000000008bd00000, 0x00000000d5f80000)
  object space 162816K, 38% used [0x0000000081e00000,0x0000000085bc9550,0x000000008bd00000)
 Metaspace       used 21764K, capacity 22014K, committed 22448K, reserved 1069056K
  class space    used 2165K, capacity 2248K, committed 2304K, reserved 1048576K
Event: 6.155 GC heap after
Heap after GC invocations=11 (full 2):
 PSYoungGen      total 164352K, used 17934K [0x00000000d5f80000, 0x00000000e3700000, 0x0000000100000000)
  eden space 145920K, 0% used [0x00000000d5f80000,0x00000000d5f80000,0x00000000dee00000)
  from space 18432K, 97% used [0x00000000dee00000,0x00000000dff83ad8,0x00000000e0000000)
  to   space 21504K, 0% used [0x00000000e2200000,0x00000000e2200000,0x00000000e3700000)
 ParOldGen       total 162816K, used 106477K [0x0000000081e00000, 0x000000008bd00000, 0x00000000d5f80000)
  object space 162816K, 65% used [0x0000000081e00000,0x00000000885fb5e0,0x000000008bd00000)
 Metaspace       used 21764K, capacity 22014K, committed 22448K, reserved 1069056K
  class space    used 2165K, capacity 2248K, committed 2304K, reserved 1048576K
}
Event: 6.155 GC heap before
{Heap before GC invocations=12 (full 3):
 PSYoungGen      total 164352K, used 17934K [0x00000000d5f80000, 0x00000000e3700000, 0x0000000100000000)
  eden space 145920K, 0% used [0x00000000d5f80000,0x00000000d5f80000,0x00000000dee00000)
  from space 18432K, 97% used [0x00000000dee00000,0x00000000dff83ad8,0x00000000e0000000)
  to   space 21504K, 0% used [0x00000000e2200000,0x00000000e2200000,0x00000000e3700000)
 ParOldGen       total 162816K, used 106477K [0x0000000081e00000, 0x000000008bd00000, 0x00000000d5f80000)
  object space 162816K, 65% used [0x0000000081e00000,0x00000000885fb5e0,0x000000008bd00000)
 Metaspace       used 21764K, capacity 22014K, committed 22448K, reserved 1069056K
  class space    used 2165K, capacity 2248K, committed 2304K, reserved 1048576K
Event: 6.196 GC heap after
Heap after GC invocations=12 (full 3):
 PSYoungGen      total 164352K, used 0K [0x00000000d5f80000, 0x00000000e3700000, 0x0000000100000000)
  eden space 145920K, 0% used [0x00000000d5f80000,0x00000000d5f80000,0x00000000dee00000)
  from space 18432K, 0% used [0x00000000dee00000,0x00000000dee00000,0x00000000e0000000)
  to   space 21504K, 0% used [0x00000000e2200000,0x00000000e2200000,0x00000000e3700000)
 ParOldGen       total 238080K, used 87007K [0x0000000081e00000, 0x0000000090680000, 0x00000000d5f80000)
  object space 238080K, 36% used [0x0000000081e00000,0x00000000872f7de0,0x0000000090680000)
 Metaspace       used 21764K, capacity 22014K, committed 22448K, reserved 1069056K
  class space    used 2165K, capacity 2248K, committed 2304K, reserved 1048576K
}
Event: 6.798 GC heap before
{Heap before GC invocations=13 (full 3):
 PSYoungGen      total 164352K, used 145920K [0x00000000d5f80000, 0x00000000e3700000, 0x0000000100000000)
  eden space 145920K, 100% used [0x00000000d5f80000,0x00000000dee00000,0x00000000dee00000)
  from space 18432K, 0% used [0x00000000dee00000,0x00000000dee00000,0x00000000e0000000)
  to   space 21504K, 0% used [0x00000000e2200000,0x00000000e2200000,0x00000000e3700000)
 ParOldGen       total 238080K, used 87007K [0x0000000081e00000, 0x0000000090680000, 0x00000000d5f80000)
  object space 238080K, 36% used [0x0000000081e00000,0x00000000872f7de0,0x0000000090680000)
 Metaspace       used 21768K, capacity 22014K, committed 22448K, reserved 1069056K
  class space    used 2165K, capacity 2248K, committed 2304K, reserved 1048576K
Event: 6.804 GC heap after
Heap after GC invocations=13 (full 3):
 PSYoungGen      total 195584K, used 21080K [0x00000000d5f80000, 0x00000000e3f00000, 0x0000000100000000)
  eden space 174080K, 0% used [0x00000000d5f80000,0x00000000d5f80000,0x00000000e0980000)
  from space 21504K, 98% used [0x00000000e2200000,0x00000000e3696110,0x00000000e3700000)
  to   space 25088K, 0% used [0x00000000e0980000,0x00000000e0980000,0x00000000e2200000)
 ParOldGen       total 238080K, used 106207K [0x0000000081e00000, 0x0000000090680000, 0x00000000d5f80000)
  object space 238080K, 44% used [0x0000000081e00000,0x00000000885b7e20,0x0000000090680000)
 Metaspace       used 21768K, capacity 22014K, committed 22448K, reserved 1069056K
  class space    used 2165K, capacity 2248K, committed 2304K, reserved 1048576K
}
Event: 8.210 GC heap before
{Heap before GC invocations=14 (full 3):
 PSYoungGen      total 195584K, used 195160K [0x00000000d5f80000, 0x00000000e3f00000, 0x0000000100000000)
  eden space 174080K, 100% used [0x00000000d5f80000,0x00000000e0980000,0x00000000e0980000)
  from space 21504K, 98% used [0x00000000e2200000,0x00000000e3696110,0x00000000e3700000)
  to   space 25088K, 0% used [0x00000000e0980000,0x00000000e0980000,0x00000000e2200000)
 ParOldGen       total 238080K, used 106207K [0x0000000081e00000, 0x0000000090680000, 0x00000000d5f80000)
  object space 238080K, 44% used [0x0000000081e00000,0x00000000885b7e20,0x0000000090680000)
 Metaspace       used 21778K, capacity 22014K, committed 22448K, reserved 1069056K
  class space    used 2165K, capacity 2248K, committed 2304K, reserved 1048576K
Event: 8.226 GC heap after
Heap after GC invocations=14 (full 3):
 PSYoungGen      total 199168K, used 24372K [0x00000000d5f80000, 0x00000000e6700000, 0x0000000100000000)
  eden space 174080K, 0% used [0x00000000d5f80000,0x00000000d5f80000,0x00000000e0980000)
  from space 25088K, 97% used [0x00000000e0980000,0x00000000e214d180,0x00000000e2200000)
  to   space 29184K, 0% used [0x00000000e4a80000,0x00000000e4a80000,0x00000000e6700000)
 ParOldGen       total 238080K, used 112543K [0x0000000081e00000, 0x0000000090680000, 0x00000000d5f80000)
  object space 238080K, 47% used [0x0000000081e00000,0x0000000088be7f00,0x0000000090680000)
 Metaspace       used 21778K, capacity 22014K, committed 22448K, reserved 1069056K
  class space    used 2165K, capacity 2248K, committed 2304K, reserved 1048576K
}

