# JRE version: Java(TM) SE Runtime Environment (8.0_181-b13) (build 1.8.0_181-b13)
# Java VM: Java HotSpot(TM) 64-Bit Server VM (25.181-b13 mixed mode windows-amd64 compressed oops)
Heap:
 PSYoungGen      total 128000K, used 77379K [0x00000000d5f80000, 0x00000000e0600000, 0x0000000100000000)
  eden space 107008K, 59% used [0x00000000d5f80000,0x00000000d9d54f80,0x00000000dc800000)
  from space 20992K, 66% used [0x00000000dc800000,0x00000000dd5bbc90,0x00000000ddc80000)
  to   space 21504K, 0% used [0x00000000df100000,0x00000000df100000,0x00000000e0600000)
 ParOldGen       total 180736K, used 94961K [0x0000000081e00000, 0x000000008ce80000, 0x00000000d5f80000)
  object space 180736K, 52% used [0x0000000081e00000,0x0000000087abc608,0x000000008ce80000)
 Metaspace       used 22439K, capacity 22692K, committed 23040K, reserved 1071104K
  class space    used 2190K, capacity 2281K, committed 2304K, reserved 1048576K
GC Heap History (10 events):
Event: 79.008 GC heap before
{Heap before GC invocations=12 (full 2):
 PSYoungGen      total 78336K, used 73477K [0x00000000d5f80000, 0x00000000dd780000, 0x0000000100000000)
  eden space 61952K, 94% used [0x00000000d5f80000,0x00000000d98e9510,0x00000000d9c00000)
  from space 16384K, 89% used [0x00000000d9c00000,0x00000000daa58030,0x00000000dac00000)
  to   space 18432K, 0% used [0x00000000dc580000,0x00000000dc580000,0x00000000dd780000)
 ParOldGen       total 97792K, used 54295K [0x0000000081e00000, 0x0000000087d80000, 0x00000000d5f80000)
  object space 97792K, 55% used [0x0000000081e00000,0x0000000085305f68,0x0000000087d80000)
 Metaspace       used 21697K, capacity 21918K, committed 22448K, reserved 1069056K
  class space    used 2144K, capacity 2216K, committed 2304K, reserved 1048576K
Event: 79.014 GC heap after
Heap after GC invocations=12 (full 2):
 PSYoungGen      total 103424K, used 14720K [0x00000000d5f80000, 0x00000000dd980000, 0x0000000100000000)
  eden space 84992K, 0% used [0x00000000d5f80000,0x00000000d5f80000,0x00000000db280000)
  from space 18432K, 79% used [0x00000000dc580000,0x00000000dd3e0030,0x00000000dd780000)
  to   space 19456K, 0% used [0x00000000db280000,0x00000000db280000,0x00000000dc580000)
 ParOldGen       total 97792K, used 73495K [0x0000000081e00000, 0x0000000087d80000, 0x00000000d5f80000)
  object space 97792K, 75% used [0x0000000081e00000,0x00000000865c5fa8,0x0000000087d80000)
 Metaspace       used 21697K, capacity 21918K, committed 22448K, reserved 1069056K
  class space    used 2144K, capacity 2216K, committed 2304K, reserved 1048576K
}
Event: 79.342 GC heap before
{Heap before GC invocations=13 (full 2):
 PSYoungGen      total 103424K, used 99712K [0x00000000d5f80000, 0x00000000dd980000, 0x0000000100000000)
  eden space 84992K, 100% used [0x00000000d5f80000,0x00000000db280000,0x00000000db280000)
  from space 18432K, 79% used [0x00000000dc580000,0x00000000dd3e0030,0x00000000dd780000)
  to   space 19456K, 0% used [0x00000000db280000,0x00000000db280000,0x00000000dc580000)
 ParOldGen       total 97792K, used 73495K [0x0000000081e00000, 0x0000000087d80000, 0x00000000d5f80000)
  object space 97792K, 75% used [0x0000000081e00000,0x00000000865c5fa8,0x0000000087d80000)
 Metaspace       used 21699K, capacity 21918K, committed 22448K, reserved 1069056K
  class space    used 2144K, capacity 2216K, committed 2304K, reserved 1048576K
Event: 79.347 GC heap after
Heap after GC invocations=13 (full 2):
 PSYoungGen      total 104448K, used 18874K [0x00000000d5f80000, 0x00000000dfd00000, 0x0000000100000000)
  eden space 84992K, 0% used [0x00000000d5f80000,0x00000000d5f80000,0x00000000db280000)
  from space 19456K, 97% used [0x00000000db280000,0x00000000dc4eeb70,0x00000000dc580000)
  to   space 22528K, 0% used [0x00000000de700000,0x00000000de700000,0x00000000dfd00000)
 ParOldGen       total 97792K, used 88039K [0x0000000081e00000, 0x0000000087d80000, 0x00000000d5f80000)
  object space 97792K, 90% used [0x0000000081e00000,0x00000000873f9fd8,0x0000000087d80000)
 Metaspace       used 21699K, capacity 21918K, committed 22448K, reserved 1069056K
  class space    used 2144K, capacity 2216K, committed 2304K, reserved 1048576K
}
Event: 79.347 GC heap before
{Heap before GC invocations=14 (full 3):
 PSYoungGen      total 104448K, used 18874K [0x00000000d5f80000, 0x00000000dfd00000, 0x0000000100000000)
  eden space 84992K, 0% used [0x00000000d5f80000,0x00000000d5f80000,0x00000000db280000)
  from space 19456K, 97% used [0x00000000db280000,0x00000000dc4eeb70,0x00000000dc580000)
  to   space 22528K, 0% used [0x00000000de700000,0x00000000de700000,0x00000000dfd00000)
 ParOldGen       total 97792K, used 88039K [0x0000000081e00000, 0x0000000087d80000, 0x00000000d5f80000)
  object space 97792K, 90% used [0x0000000081e00000,0x00000000873f9fd8,0x0000000087d80000)
 Metaspace       used 21699K, capacity 21918K, committed 22448K, reserved 1069056K
  class space    used 2144K, capacity 2216K, committed 2304K, reserved 1048576K
Event: 79.391 GC heap after
Heap after GC invocations=14 (full 3):
 PSYoungGen      total 104448K, used 0K [0x00000000d5f80000, 0x00000000dfd00000, 0x0000000100000000)
  eden space 84992K, 0% used [0x00000000d5f80000,0x00000000d5f80000,0x00000000db280000)
  from space 19456K, 0% used [0x00000000db280000,0x00000000db280000,0x00000000dc580000)
  to   space 22528K, 0% used [0x00000000de700000,0x00000000de700000,0x00000000dfd00000)
 ParOldGen       total 180736K, used 94953K [0x0000000081e00000, 0x000000008ce80000, 0x00000000d5f80000)
  object space 180736K, 52% used [0x0000000081e00000,0x0000000087aba608,0x000000008ce80000)
 Metaspace       used 21699K, capacity 21918K, committed 22448K, reserved 1069056K
  class space    used 2144K, capacity 2216K, committed 2304K, reserved 1048576K
}
Event: 80.069 GC heap before
{Heap before GC invocations=15 (full 3):
 PSYoungGen      total 104448K, used 84992K [0x00000000d5f80000, 0x00000000dfd00000, 0x0000000100000000)
  eden space 84992K, 100% used [0x00000000d5f80000,0x00000000db280000,0x00000000db280000)
  from space 19456K, 0% used [0x00000000db280000,0x00000000db280000,0x00000000dc580000)
  to   space 22528K, 0% used [0x00000000de700000,0x00000000de700000,0x00000000dfd00000)
 ParOldGen       total 180736K, used 94953K [0x0000000081e00000, 0x000000008ce80000, 0x00000000d5f80000)
  object space 180736K, 52% used [0x0000000081e00000,0x0000000087aba608,0x000000008ce80000)
 Metaspace       used 21706K, capacity 21918K, committed 22448K, reserved 1069056K
  class space    used 2144K, capacity 2216K, committed 2304K, reserved 1048576K
Event: 80.072 GC heap after
Heap after GC invocations=15 (full 3):
 PSYoungGen      total 115712K, used 9780K [0x00000000d5f80000, 0x00000000df100000, 0x0000000100000000)
  eden space 105472K, 0% used [0x00000000d5f80000,0x00000000d5f80000,0x00000000dc680000)
  from space 10240K, 95% used [0x00000000de700000,0x00000000df08d150,0x00000000df100000)
  to   space 20992K, 0% used [0x00000000dc800000,0x00000000dc800000,0x00000000ddc80000)
 ParOldGen       total 180736K, used 94961K [0x0000000081e00000, 0x000000008ce80000, 0x00000000d5f80000)
  object space 180736K, 52% used [0x0000000081e00000,0x0000000087abc608,0x000000008ce80000)
 Metaspace       used 21706K, capacity 21918K, committed 22448K, reserved 1069056K
  class space    used 2144K, capacity 2216K, committed 2304K, reserved 1048576K
}
Event: 80.872 GC heap before
{Heap before GC invocations=16 (full 3):
 PSYoungGen      total 115712K, used 115252K [0x00000000d5f80000, 0x00000000df100000, 0x0000000100000000)
  eden space 105472K, 100% used [0x00000000d5f80000,0x00000000dc680000,0x00000000dc680000)
  from space 10240K, 95% used [0x00000000de700000,0x00000000df08d150,0x00000000df100000)
  to   space 20992K, 0% used [0x00000000dc800000,0x00000000dc800000,0x00000000ddc80000)
 ParOldGen       total 180736K, used 94961K [0x0000000081e00000, 0x000000008ce80000, 0x00000000d5f80000)
  object space 180736K, 52% used [0x0000000081e00000,0x0000000087abc608,0x000000008ce80000)
 Metaspace       used 21708K, capacity 21918K, committed 22448K, reserved 1069056K
  class space    used 2144K, capacity 2216K, committed 2304K, reserved 1048576K
Event: 80.875 GC heap after
Heap after GC invocations=16 (full 3):
 PSYoungGen      total 128000K, used 14063K [0x00000000d5f80000, 0x00000000e0600000, 0x0000000100000000)
  eden space 107008K, 0% used [0x00000000d5f80000,0x00000000d5f80000,0x00000000dc800000)
  from space 20992K, 66% used [0x00000000dc800000,0x00000000dd5bbc90,0x00000000ddc80000)
  to   space 21504K, 0% used [0x00000000df100000,0x00000000df100000,0x00000000e0600000)
 ParOldGen       total 180736K, used 94961K [0x0000000081e00000, 0x000000008ce80000, 0x00000000d5f80000)
  object space 180736K, 52% used [0x0000000081e00000,0x0000000087abc608,0x000000008ce80000)
 Metaspace       used 21708K, capacity 21918K, committed 22448K, reserved 1069056K
  class space    used 2144K, capacity 2216K, committed 2304K, reserved 1048576K
}

