# JRE version: Java(TM) SE Runtime Environment (8.0_181-b13) (build 1.8.0_181-b13)
# Java VM: Java HotSpot(TM) 64-Bit Server VM (25.181-b13 mixed mode windows-amd64 compressed oops)
Heap:
 PSYoungGen      total 271360K, used 115807K [0x00000000d5f80000, 0x00000000ec400000, 0x0000000100000000)
  eden space 224256K, 32% used [0x00000000d5f80000,0x00000000da5ffb98,0x00000000e3a80000)
  from space 47104K, 92% used [0x00000000e3a80000,0x00000000e6518090,0x00000000e6880000)
  to   space 54272K, 0% used [0x00000000e8f00000,0x00000000e8f00000,0x00000000ec400000)
 ParOldGen       total 276992K, used 163710K [0x0000000081e00000, 0x0000000092c80000, 0x00000000d5f80000)
  object space 276992K, 59% used [0x0000000081e00000,0x000000008bddf928,0x0000000092c80000)
 Metaspace       used 22540K, capacity 22788K, committed 23168K, reserved 1071104K
  class space    used 2225K, capacity 2313K, committed 2432K, reserved 1048576K
GC Heap History (10 events):
Event: 7.720 GC heap before
{Heap before GC invocations=14 (full 3):
 PSYoungGen      total 190976K, used 167936K [0x00000000d5f80000, 0x00000000e3c80000, 0x0000000100000000)
  eden space 167936K, 100% used [0x00000000d5f80000,0x00000000e0380000,0x00000000e0380000)
  from space 23040K, 0% used [0x00000000e1e00000,0x00000000e1e00000,0x00000000e3480000)
  to   space 27136K, 0% used [0x00000000e0380000,0x00000000e0380000,0x00000000e1e00000)
 ParOldGen       total 276992K, used 120502K [0x0000000081e00000, 0x0000000092c80000, 0x00000000d5f80000)
  object space 276992K, 43% used [0x0000000081e00000,0x00000000893ad898,0x0000000092c80000)
 Metaspace       used 21734K, capacity 21950K, committed 22448K, reserved 1069056K
  class space    used 2172K, capacity 2248K, committed 2304K, reserved 1048576K
Event: 7.725 GC heap after
Heap after GC invocations=14 (full 3):
 PSYoungGen      total 195072K, used 24288K [0x00000000d5f80000, 0x00000000e6100000, 0x0000000100000000)
  eden space 167936K, 0% used [0x00000000d5f80000,0x00000000d5f80000,0x00000000e0380000)
  from space 27136K, 89% used [0x00000000e0380000,0x00000000e1b38050,0x00000000e1e00000)
  to   space 30720K, 0% used [0x00000000e4300000,0x00000000e4300000,0x00000000e6100000)
 ParOldGen       total 276992K, used 125302K [0x0000000081e00000, 0x0000000092c80000, 0x00000000d5f80000)
  object space 276992K, 45% used [0x0000000081e00000,0x000000008985d8a8,0x0000000092c80000)
 Metaspace       used 21734K, capacity 21950K, committed 22448K, reserved 1069056K
  class space    used 2172K, capacity 2248K, committed 2304K, reserved 1048576K
}
Event: 8.765 GC heap before
{Heap before GC invocations=15 (full 3):
 PSYoungGen      total 195072K, used 188721K [0x00000000d5f80000, 0x00000000e6100000, 0x0000000100000000)
  eden space 167936K, 97% used [0x00000000d5f80000,0x00000000e00144b0,0x00000000e0380000)
  from space 27136K, 89% used [0x00000000e0380000,0x00000000e1b38050,0x00000000e1e00000)
  to   space 30720K, 0% used [0x00000000e4300000,0x00000000e4300000,0x00000000e6100000)
 ParOldGen       total 276992K, used 125302K [0x0000000081e00000, 0x0000000092c80000, 0x00000000d5f80000)
  object space 276992K, 45% used [0x0000000081e00000,0x000000008985d8a8,0x0000000092c80000)
 Metaspace       used 21738K, capacity 21950K, committed 22448K, reserved 1069056K
  class space    used 2172K, capacity 2248K, committed 2304K, reserved 1048576K
Event: 8.771 GC heap after
Heap after GC invocations=15 (full 3):
 PSYoungGen      total 228352K, used 29088K [0x00000000d5f80000, 0x00000000e6700000, 0x0000000100000000)
  eden space 197632K, 0% used [0x00000000d5f80000,0x00000000d5f80000,0x00000000e2080000)
  from space 30720K, 94% used [0x00000000e4300000,0x00000000e5f68060,0x00000000e6100000)
  to   space 35328K, 0% used [0x00000000e2080000,0x00000000e2080000,0x00000000e4300000)
 ParOldGen       total 276992K, used 130110K [0x0000000081e00000, 0x0000000092c80000, 0x00000000d5f80000)
  object space 276992K, 46% used [0x0000000081e00000,0x0000000089d0f8b8,0x0000000092c80000)
 Metaspace       used 21738K, capacity 21950K, committed 22448K, reserved 1069056K
  class space    used 2172K, capacity 2248K, committed 2304K, reserved 1048576K
}
Event: 9.971 GC heap before
{Heap before GC invocations=16 (full 3):
 PSYoungGen      total 228352K, used 222015K [0x00000000d5f80000, 0x00000000e6700000, 0x0000000100000000)
  eden space 197632K, 97% used [0x00000000d5f80000,0x00000000e1be7ba8,0x00000000e2080000)
  from space 30720K, 94% used [0x00000000e4300000,0x00000000e5f68060,0x00000000e6100000)
  to   space 35328K, 0% used [0x00000000e2080000,0x00000000e2080000,0x00000000e4300000)
 ParOldGen       total 276992K, used 130110K [0x0000000081e00000, 0x0000000092c80000, 0x00000000d5f80000)
  object space 276992K, 46% used [0x0000000081e00000,0x0000000089d0f8b8,0x0000000092c80000)
 Metaspace       used 21740K, capacity 21950K, committed 22448K, reserved 1069056K
  class space    used 2172K, capacity 2248K, committed 2304K, reserved 1048576K
Event: 9.977 GC heap after
Heap after GC invocations=16 (full 3):
 PSYoungGen      total 232960K, used 33920K [0x00000000d5f80000, 0x00000000e9080000, 0x0000000100000000)
  eden space 197632K, 0% used [0x00000000d5f80000,0x00000000d5f80000,0x00000000e2080000)
  from space 35328K, 96% used [0x00000000e2080000,0x00000000e41a0070,0x00000000e4300000)
  to   space 40960K, 0% used [0x00000000e6880000,0x00000000e6880000,0x00000000e9080000)
 ParOldGen       total 276992K, used 139710K [0x0000000081e00000, 0x0000000092c80000, 0x00000000d5f80000)
  object space 276992K, 50% used [0x0000000081e00000,0x000000008a66f8d8,0x0000000092c80000)
 Metaspace       used 21740K, capacity 21950K, committed 22448K, reserved 1069056K
  class space    used 2172K, capacity 2248K, committed 2304K, reserved 1048576K
}
Event: 11.177 GC heap before
{Heap before GC invocations=17 (full 3):
 PSYoungGen      total 232960K, used 228403K [0x00000000d5f80000, 0x00000000e9080000, 0x0000000100000000)
  eden space 197632K, 98% used [0x00000000d5f80000,0x00000000e1d6cc40,0x00000000e2080000)
  from space 35328K, 96% used [0x00000000e2080000,0x00000000e41a0070,0x00000000e4300000)
  to   space 40960K, 0% used [0x00000000e6880000,0x00000000e6880000,0x00000000e9080000)
 ParOldGen       total 276992K, used 139710K [0x0000000081e00000, 0x0000000092c80000, 0x00000000d5f80000)
  object space 276992K, 50% used [0x0000000081e00000,0x000000008a66f8d8,0x0000000092c80000)
 Metaspace       used 21741K, capacity 21950K, committed 22448K, reserved 1069056K
  class space    used 2172K, capacity 2248K, committed 2304K, reserved 1048576K
Event: 11.185 GC heap after
Heap after GC invocations=17 (full 3):
 PSYoungGen      total 265216K, used 38688K [0x00000000d5f80000, 0x00000000e9a80000, 0x0000000100000000)
  eden space 224256K, 0% used [0x00000000d5f80000,0x00000000d5f80000,0x00000000e3a80000)
  from space 40960K, 94% used [0x00000000e6880000,0x00000000e8e48080,0x00000000e9080000)
  to   space 47104K, 0% used [0x00000000e3a80000,0x00000000e3a80000,0x00000000e6880000)
 ParOldGen       total 276992K, used 149310K [0x0000000081e00000, 0x0000000092c80000, 0x00000000d5f80000)
  object space 276992K, 53% used [0x0000000081e00000,0x000000008afcf8f8,0x0000000092c80000)
 Metaspace       used 21741K, capacity 21950K, committed 22448K, reserved 1069056K
  class space    used 2172K, capacity 2248K, committed 2304K, reserved 1048576K
}
Event: 12.635 GC heap before
{Heap before GC invocations=18 (full 3):
 PSYoungGen      total 265216K, used 262944K [0x00000000d5f80000, 0x00000000e9a80000, 0x0000000100000000)
  eden space 224256K, 100% used [0x00000000d5f80000,0x00000000e3a80000,0x00000000e3a80000)
  from space 40960K, 94% used [0x00000000e6880000,0x00000000e8e48080,0x00000000e9080000)
  to   space 47104K, 0% used [0x00000000e3a80000,0x00000000e3a80000,0x00000000e6880000)
 ParOldGen       total 276992K, used 149310K [0x0000000081e00000, 0x0000000092c80000, 0x00000000d5f80000)
  object space 276992K, 53% used [0x0000000081e00000,0x000000008afcf8f8,0x0000000092c80000)
 Metaspace       used 21743K, capacity 21950K, committed 22448K, reserved 1069056K
  class space    used 2172K, capacity 2248K, committed 2304K, reserved 1048576K
Event: 12.643 GC heap after
Heap after GC invocations=18 (full 3):
 PSYoungGen      total 271360K, used 43616K [0x00000000d5f80000, 0x00000000ec400000, 0x0000000100000000)
  eden space 224256K, 0% used [0x00000000d5f80000,0x00000000d5f80000,0x00000000e3a80000)
  from space 47104K, 92% used [0x00000000e3a80000,0x00000000e6518090,0x00000000e6880000)
  to   space 54272K, 0% used [0x00000000e8f00000,0x00000000e8f00000,0x00000000ec400000)
 ParOldGen       total 276992K, used 163710K [0x0000000081e00000, 0x0000000092c80000, 0x00000000d5f80000)
  object space 276992K, 59% used [0x0000000081e00000,0x000000008bddf928,0x0000000092c80000)
 Metaspace       used 21743K, capacity 21950K, committed 22448K, reserved 1069056K
  class space    used 2172K, capacity 2248K, committed 2304K, reserved 1048576K
}

