# JRE version: Java(TM) SE Runtime Environment (8.0_181-b13) (build 1.8.0_181-b13)
# Java VM: Java HotSpot(TM) 64-Bit Server VM (25.181-b13 mixed mode windows-amd64 compressed oops)
Heap:
 PSYoungGen      total 314368K, used 98613K [0x00000000d5f80000, 0x00000000ece00000, 0x0000000100000000)
  eden space 282112K, 24% used [0x00000000d5f80000,0x00000000da312598,0x00000000e7300000)
  from space 32256K, 91% used [0x00000000eae80000,0x00000000ecb3b020,0x00000000ece00000)
  to   space 46592K, 0% used [0x00000000e7300000,0x00000000e7300000,0x00000000ea080000)
 ParOldGen       total 148480K, used 70088K [0x0000000081e00000, 0x000000008af00000, 0x00000000d5f80000)
  object space 148480K, 47% used [0x0000000081e00000,0x00000000862723b0,0x000000008af00000)
 Metaspace       used 23464K, capacity 23698K, committed 24140K, reserved 1071104K
  class space    used 2246K, capacity 2314K, committed 2380K, reserved 1048576K
GC Heap History (10 events):
Event: 4.220 GC heap before
{Heap before GC invocations=10 (full 0):
 PSYoungGen      total 157696K, used 28534K [0x00000000d5f80000, 0x00000000e6680000, 0x0000000100000000)
  eden space 120320K, 3% used [0x00000000d5f80000,0x00000000d6341158,0x00000000dd500000)
  from space 37376K, 66% used [0x00000000dd500000,0x00000000ded1ca40,0x00000000df980000)
  to   space 38400K, 0% used [0x00000000e4100000,0x00000000e4100000,0x00000000e6680000)
 ParOldGen       total 87552K, used 49597K [0x0000000081e00000, 0x0000000087380000, 0x00000000d5f80000)
  object space 87552K, 56% used [0x0000000081e00000,0x0000000084e6f500,0x0000000087380000)
 Metaspace       used 21097K, capacity 21310K, committed 21628K, reserved 1069056K
  class space    used 2098K, capacity 2184K, committed 2252K, reserved 1048576K
Event: 4.226 GC heap after
Heap after GC invocations=10 (full 0):
 PSYoungGen      total 229888K, used 600K [0x00000000d5f80000, 0x00000000e6880000, 0x0000000100000000)
  eden space 191488K, 0% used [0x00000000d5f80000,0x00000000d5f80000,0x00000000e1a80000)
  from space 38400K, 1% used [0x00000000e4100000,0x00000000e4196310,0x00000000e6680000)
  to   space 39424K, 0% used [0x00000000e1a80000,0x00000000e1a80000,0x00000000e4100000)
 ParOldGen       total 87552K, used 73749K [0x0000000081e00000, 0x0000000087380000, 0x00000000d5f80000)
  object space 87552K, 84% used [0x0000000081e00000,0x0000000086605580,0x0000000087380000)
 Metaspace       used 21097K, capacity 21310K, committed 21628K, reserved 1069056K
  class space    used 2098K, capacity 2184K, committed 2252K, reserved 1048576K
}
Event: 4.226 GC heap before
{Heap before GC invocations=11 (full 1):
 PSYoungGen      total 229888K, used 600K [0x00000000d5f80000, 0x00000000e6880000, 0x0000000100000000)
  eden space 191488K, 0% used [0x00000000d5f80000,0x00000000d5f80000,0x00000000e1a80000)
  from space 38400K, 1% used [0x00000000e4100000,0x00000000e4196310,0x00000000e6680000)
  to   space 39424K, 0% used [0x00000000e1a80000,0x00000000e1a80000,0x00000000e4100000)
 ParOldGen       total 87552K, used 73749K [0x0000000081e00000, 0x0000000087380000, 0x00000000d5f80000)
  object space 87552K, 84% used [0x0000000081e00000,0x0000000086605580,0x0000000087380000)
 Metaspace       used 21097K, capacity 21310K, committed 21628K, reserved 1069056K
  class space    used 2098K, capacity 2184K, committed 2252K, reserved 1048576K
Event: 4.257 GC heap after
Heap after GC invocations=11 (full 1):
 PSYoungGen      total 229888K, used 0K [0x00000000d5f80000, 0x00000000e6880000, 0x0000000100000000)
  eden space 191488K, 0% used [0x00000000d5f80000,0x00000000d5f80000,0x00000000e1a80000)
  from space 38400K, 0% used [0x00000000e4100000,0x00000000e4100000,0x00000000e6680000)
  to   space 39424K, 0% used [0x00000000e1a80000,0x00000000e1a80000,0x00000000e4100000)
 ParOldGen       total 96256K, used 38041K [0x0000000081e00000, 0x0000000087c00000, 0x00000000d5f80000)
  object space 96256K, 39% used [0x0000000081e00000,0x0000000084326530,0x0000000087c00000)
 Metaspace       used 21097K, capacity 21310K, committed 21628K, reserved 1069056K
  class space    used 2098K, capacity 2184K, committed 2252K, reserved 1048576K
}
Event: 4.651 GC heap before
{Heap before GC invocations=12 (full 1):
 PSYoungGen      total 229888K, used 191481K [0x00000000d5f80000, 0x00000000e6880000, 0x0000000100000000)
  eden space 191488K, 99% used [0x00000000d5f80000,0x00000000e1a7e710,0x00000000e1a80000)
  from space 38400K, 0% used [0x00000000e4100000,0x00000000e4100000,0x00000000e6680000)
  to   space 39424K, 0% used [0x00000000e1a80000,0x00000000e1a80000,0x00000000e4100000)
 ParOldGen       total 96256K, used 38052K [0x0000000081e00000, 0x0000000087c00000, 0x00000000d5f80000)
  object space 96256K, 39% used [0x0000000081e00000,0x0000000084329240,0x0000000087c00000)
 Metaspace       used 21355K, capacity 21566K, committed 21884K, reserved 1069056K
  class space    used 2126K, capacity 2184K, committed 2252K, reserved 1048576K
Event: 4.679 GC heap after
Heap after GC invocations=12 (full 1):
 PSYoungGen      total 230912K, used 39145K [0x00000000d5f80000, 0x00000000edb00000, 0x0000000100000000)
  eden space 191488K, 0% used [0x00000000d5f80000,0x00000000d5f80000,0x00000000e1a80000)
  from space 39424K, 99% used [0x00000000e1a80000,0x00000000e40ba7a0,0x00000000e4100000)
  to   space 45568K, 0% used [0x00000000eae80000,0x00000000eae80000,0x00000000edb00000)
 ParOldGen       total 96256K, used 91452K [0x0000000081e00000, 0x0000000087c00000, 0x00000000d5f80000)
  object space 96256K, 95% used [0x0000000081e00000,0x000000008774f270,0x0000000087c00000)
 Metaspace       used 21355K, capacity 21566K, committed 21884K, reserved 1069056K
  class space    used 2126K, capacity 2184K, committed 2252K, reserved 1048576K
}
Event: 4.679 GC heap before
{Heap before GC invocations=13 (full 2):
 PSYoungGen      total 230912K, used 39145K [0x00000000d5f80000, 0x00000000edb00000, 0x0000000100000000)
  eden space 191488K, 0% used [0x00000000d5f80000,0x00000000d5f80000,0x00000000e1a80000)
  from space 39424K, 99% used [0x00000000e1a80000,0x00000000e40ba7a0,0x00000000e4100000)
  to   space 45568K, 0% used [0x00000000eae80000,0x00000000eae80000,0x00000000edb00000)
 ParOldGen       total 96256K, used 91452K [0x0000000081e00000, 0x0000000087c00000, 0x00000000d5f80000)
  object space 96256K, 95% used [0x0000000081e00000,0x000000008774f270,0x0000000087c00000)
 Metaspace       used 21355K, capacity 21566K, committed 21884K, reserved 1069056K
  class space    used 2126K, capacity 2184K, committed 2252K, reserved 1048576K
Event: 4.692 GC heap after
Heap after GC invocations=13 (full 2):
 PSYoungGen      total 230912K, used 0K [0x00000000d5f80000, 0x00000000edb00000, 0x0000000100000000)
  eden space 191488K, 0% used [0x00000000d5f80000,0x00000000d5f80000,0x00000000e1a80000)
  from space 39424K, 0% used [0x00000000e1a80000,0x00000000e1a80000,0x00000000e4100000)
  to   space 45568K, 0% used [0x00000000eae80000,0x00000000eae80000,0x00000000edb00000)
 ParOldGen       total 148480K, used 67128K [0x0000000081e00000, 0x000000008af00000, 0x00000000d5f80000)
  object space 148480K, 45% used [0x0000000081e00000,0x0000000085f8e2a8,0x000000008af00000)
 Metaspace       used 21355K, capacity 21566K, committed 21884K, reserved 1069056K
  class space    used 2126K, capacity 2184K, committed 2252K, reserved 1048576K
}
Event: 5.330 GC heap before
{Heap before GC invocations=14 (full 2):
 PSYoungGen      total 230912K, used 191488K [0x00000000d5f80000, 0x00000000edb00000, 0x0000000100000000)
  eden space 191488K, 100% used [0x00000000d5f80000,0x00000000e1a80000,0x00000000e1a80000)
  from space 39424K, 0% used [0x00000000e1a80000,0x00000000e1a80000,0x00000000e4100000)
  to   space 45568K, 0% used [0x00000000eae80000,0x00000000eae80000,0x00000000edb00000)
 ParOldGen       total 148480K, used 70088K [0x0000000081e00000, 0x000000008af00000, 0x00000000d5f80000)
  object space 148480K, 47% used [0x0000000081e00000,0x00000000862723b0,0x000000008af00000)
 Metaspace       used 21422K, capacity 21662K, committed 22140K, reserved 1069056K
  class space    used 2137K, capacity 2216K, committed 2252K, reserved 1048576K
Event: 5.355 GC heap after
Heap after GC invocations=14 (full 2):
 PSYoungGen      total 314368K, used 29420K [0x00000000d5f80000, 0x00000000ece00000, 0x0000000100000000)
  eden space 282112K, 0% used [0x00000000d5f80000,0x00000000d5f80000,0x00000000e7300000)
  from space 32256K, 91% used [0x00000000eae80000,0x00000000ecb3b020,0x00000000ece00000)
  to   space 46592K, 0% used [0x00000000e7300000,0x00000000e7300000,0x00000000ea080000)
 ParOldGen       total 148480K, used 70088K [0x0000000081e00000, 0x000000008af00000, 0x00000000d5f80000)
  object space 148480K, 47% used [0x0000000081e00000,0x00000000862723b0,0x000000008af00000)
 Metaspace       used 21422K, capacity 21662K, committed 22140K, reserved 1069056K
  class space    used 2137K, capacity 2216K, committed 2252K, reserved 1048576K
}

