# JRE version: Java(TM) SE Runtime Environment (8.0_181-b13) (build 1.8.0_181-b13)
# Java VM: Java HotSpot(TM) 64-Bit Server VM (25.181-b13 mixed mode windows-amd64 compressed oops)
Heap:
 PSYoungGen      total 195584K, used 94781K [0x00000000d5f80000, 0x00000000ea400000, 0x0000000100000000)
  eden space 80896K, 10% used [0x00000000d5f80000,0x00000000d67cb040,0x00000000dae80000)
  from space 114688K, 75% used [0x00000000dae80000,0x00000000e02c44e8,0x00000000e1e80000)
  to   space 123392K, 0% used [0x00000000e2b80000,0x00000000e2b80000,0x00000000ea400000)
 ParOldGen       total 264704K, used 154092K [0x0000000081e00000, 0x0000000092080000, 0x00000000d5f80000)
  object space 264704K, 58% used [0x0000000081e00000,0x000000008b47b280,0x0000000092080000)
 Metaspace       used 23107K, capacity 23300K, committed 23680K, reserved 1071104K
  class space    used 2229K, capacity 2313K, committed 2432K, reserved 1048576K
GC Heap History (10 events):
Event: 11.250 GC heap before
{Heap before GC invocations=26 (full 3):
 PSYoungGen      total 151040K, used 146016K [0x00000000d5f80000, 0x00000000e4c00000, 0x0000000100000000)
  eden space 88064K, 100% used [0x00000000d5f80000,0x00000000db580000,0x00000000db580000)
  from space 62976K, 92% used [0x00000000dfc00000,0x00000000e34980c0,0x00000000e3980000)
  to   space 72192K, 0% used [0x00000000db580000,0x00000000db580000,0x00000000dfc00000)
 ParOldGen       total 264704K, used 154084K [0x0000000081e00000, 0x0000000092080000, 0x00000000d5f80000)
  object space 264704K, 58% used [0x0000000081e00000,0x000000008b479280,0x0000000092080000)
 Metaspace       used 21769K, capacity 22014K, committed 22448K, reserved 1069056K
  class space    used 2168K, capacity 2248K, committed 2304K, reserved 1048576K
Event: 11.257 GC heap after
Heap after GC invocations=26 (full 3):
 PSYoungGen      total 160256K, used 62720K [0x00000000d5f80000, 0x00000000e5a80000, 0x0000000100000000)
  eden space 88064K, 0% used [0x00000000d5f80000,0x00000000d5f80000,0x00000000db580000)
  from space 72192K, 86% used [0x00000000db580000,0x00000000df2c00d0,0x00000000dfc00000)
  to   space 80896K, 0% used [0x00000000e0b80000,0x00000000e0b80000,0x00000000e5a80000)
 ParOldGen       total 264704K, used 154084K [0x0000000081e00000, 0x0000000092080000, 0x00000000d5f80000)
  object space 264704K, 58% used [0x0000000081e00000,0x000000008b479280,0x0000000092080000)
 Metaspace       used 21769K, capacity 22014K, committed 22448K, reserved 1069056K
  class space    used 2168K, capacity 2248K, committed 2304K, reserved 1048576K
}
Event: 11.780 GC heap before
{Heap before GC invocations=27 (full 3):
 PSYoungGen      total 160256K, used 150784K [0x00000000d5f80000, 0x00000000e5a80000, 0x0000000100000000)
  eden space 88064K, 100% used [0x00000000d5f80000,0x00000000db580000,0x00000000db580000)
  from space 72192K, 86% used [0x00000000db580000,0x00000000df2c00d0,0x00000000dfc00000)
  to   space 80896K, 0% used [0x00000000e0b80000,0x00000000e0b80000,0x00000000e5a80000)
 ParOldGen       total 264704K, used 154084K [0x0000000081e00000, 0x0000000092080000, 0x00000000d5f80000)
  object space 264704K, 58% used [0x0000000081e00000,0x000000008b479280,0x0000000092080000)
 Metaspace       used 21770K, capacity 22014K, committed 22448K, reserved 1069056K
  class space    used 2168K, capacity 2248K, committed 2304K, reserved 1048576K
Event: 11.789 GC heap after
Heap after GC invocations=27 (full 3):
 PSYoungGen      total 165376K, used 72352K [0x00000000d5f80000, 0x00000000e6f80000, 0x0000000100000000)
  eden space 84480K, 0% used [0x00000000d5f80000,0x00000000d5f80000,0x00000000db200000)
  from space 80896K, 89% used [0x00000000e0b80000,0x00000000e52280f0,0x00000000e5a80000)
  to   space 91648K, 0% used [0x00000000db200000,0x00000000db200000,0x00000000e0b80000)
 ParOldGen       total 264704K, used 154084K [0x0000000081e00000, 0x0000000092080000, 0x00000000d5f80000)
  object space 264704K, 58% used [0x0000000081e00000,0x000000008b479280,0x0000000092080000)
 Metaspace       used 21770K, capacity 22014K, committed 22448K, reserved 1069056K
  class space    used 2168K, capacity 2248K, committed 2304K, reserved 1048576K
}
Event: 12.353 GC heap before
{Heap before GC invocations=28 (full 3):
 PSYoungGen      total 165376K, used 156832K [0x00000000d5f80000, 0x00000000e6f80000, 0x0000000100000000)
  eden space 84480K, 100% used [0x00000000d5f80000,0x00000000db200000,0x00000000db200000)
  from space 80896K, 89% used [0x00000000e0b80000,0x00000000e52280f0,0x00000000e5a80000)
  to   space 91648K, 0% used [0x00000000db200000,0x00000000db200000,0x00000000e0b80000)
 ParOldGen       total 264704K, used 154084K [0x0000000081e00000, 0x0000000092080000, 0x00000000d5f80000)
  object space 264704K, 58% used [0x0000000081e00000,0x000000008b479280,0x0000000092080000)
 Metaspace       used 21770K, capacity 22014K, committed 22448K, reserved 1069056K
  class space    used 2168K, capacity 2248K, committed 2304K, reserved 1048576K
Event: 12.361 GC heap after
Heap after GC invocations=28 (full 3):
 PSYoungGen      total 176128K, used 86752K [0x00000000d5f80000, 0x00000000e8580000, 0x0000000100000000)
  eden space 84480K, 0% used [0x00000000d5f80000,0x00000000d5f80000,0x00000000db200000)
  from space 91648K, 94% used [0x00000000db200000,0x00000000e06b8120,0x00000000e0b80000)
  to   space 105472K, 0% used [0x00000000e1e80000,0x00000000e1e80000,0x00000000e8580000)
 ParOldGen       total 264704K, used 154084K [0x0000000081e00000, 0x0000000092080000, 0x00000000d5f80000)
  object space 264704K, 58% used [0x0000000081e00000,0x000000008b479280,0x0000000092080000)
 Metaspace       used 21770K, capacity 22014K, committed 22448K, reserved 1069056K
  class space    used 2168K, capacity 2248K, committed 2304K, reserved 1048576K
}
Event: 12.910 GC heap before
{Heap before GC invocations=29 (full 3):
 PSYoungGen      total 176128K, used 171232K [0x00000000d5f80000, 0x00000000e8580000, 0x0000000100000000)
  eden space 84480K, 100% used [0x00000000d5f80000,0x00000000db200000,0x00000000db200000)
  from space 91648K, 94% used [0x00000000db200000,0x00000000e06b8120,0x00000000e0b80000)
  to   space 105472K, 0% used [0x00000000e1e80000,0x00000000e1e80000,0x00000000e8580000)
 ParOldGen       total 264704K, used 154084K [0x0000000081e00000, 0x0000000092080000, 0x00000000d5f80000)
  object space 264704K, 58% used [0x0000000081e00000,0x000000008b479280,0x0000000092080000)
 Metaspace       used 21770K, capacity 22014K, committed 22448K, reserved 1069056K
  class space    used 2168K, capacity 2248K, committed 2304K, reserved 1048576K
Event: 12.920 GC heap after
Heap after GC invocations=29 (full 3):
 PSYoungGen      total 186368K, used 81984K [0x00000000d5f80000, 0x00000000e9780000, 0x0000000100000000)
  eden space 80896K, 0% used [0x00000000d5f80000,0x00000000d5f80000,0x00000000dae80000)
  from space 105472K, 77% used [0x00000000e1e80000,0x00000000e6e90110,0x00000000e8580000)
  to   space 114688K, 0% used [0x00000000dae80000,0x00000000dae80000,0x00000000e1e80000)
 ParOldGen       total 264704K, used 154084K [0x0000000081e00000, 0x0000000092080000, 0x00000000d5f80000)
  object space 264704K, 58% used [0x0000000081e00000,0x000000008b479280,0x0000000092080000)
 Metaspace       used 21770K, capacity 22014K, committed 22448K, reserved 1069056K
  class space    used 2168K, capacity 2248K, committed 2304K, reserved 1048576K
}
Event: 229.300 GC heap before
{Heap before GC invocations=30 (full 3):
 PSYoungGen      total 186368K, used 162880K [0x00000000d5f80000, 0x00000000e9780000, 0x0000000100000000)
  eden space 80896K, 100% used [0x00000000d5f80000,0x00000000dae80000,0x00000000dae80000)
  from space 105472K, 77% used [0x00000000e1e80000,0x00000000e6e90110,0x00000000e8580000)
  to   space 114688K, 0% used [0x00000000dae80000,0x00000000dae80000,0x00000000e1e80000)
 ParOldGen       total 264704K, used 154084K [0x0000000081e00000, 0x0000000092080000, 0x00000000d5f80000)
  object space 264704K, 58% used [0x0000000081e00000,0x000000008b479280,0x0000000092080000)
 Metaspace       used 23054K, capacity 23300K, committed 23680K, reserved 1071104K
  class space    used 2226K, capacity 2313K, committed 2432K, reserved 1048576K
Event: 229.309 GC heap after
Heap after GC invocations=30 (full 3):
 PSYoungGen      total 195584K, used 86289K [0x00000000d5f80000, 0x00000000ea400000, 0x0000000100000000)
  eden space 80896K, 0% used [0x00000000d5f80000,0x00000000d5f80000,0x00000000dae80000)
  from space 114688K, 75% used [0x00000000dae80000,0x00000000e02c44e8,0x00000000e1e80000)
  to   space 123392K, 0% used [0x00000000e2b80000,0x00000000e2b80000,0x00000000ea400000)
 ParOldGen       total 264704K, used 154092K [0x0000000081e00000, 0x0000000092080000, 0x00000000d5f80000)
  object space 264704K, 58% used [0x0000000081e00000,0x000000008b47b280,0x0000000092080000)
 Metaspace       used 23054K, capacity 23300K, committed 23680K, reserved 1071104K
  class space    used 2226K, capacity 2313K, committed 2432K, reserved 1048576K
}

